*********************************************************************
* LD Score Regression (LDSC)
* Version 2.0.0
* (C) 2014-2019 Brendan Bulik-Sullivan and Hilary Finucane
* Broad Institute of MIT and Harvard / MIT Department of Mathematics
* GNU General Public License v3
*********************************************************************
Call: 
./ldsc.py \
--out results/saige2_case2 \
--rg summary_stats/Qced/saige2_case2.sumstats.gz,summary_stats/Qced/MentalHealth/alzheimer.sumstats.gz,summary_stats/Qced/MentalHealth/adhd.sumstats.gz,summary_stats/Qced/MentalHealth/anxiety.sumstats.gz,summary_stats/Qced/MentalHealth/asd.sumstats.gz,summary_stats/Qced/MentalHealth/bip.sumstats.gz,summary_stats/Qced/MentalHealth/ed.sumstats.gz,summary_stats/Qced/MentalHealth/insomnia.sumstats.gz,summary_stats/Qced/MentalHealth/ocd.sumstats.gz,summary_stats/Qced/MentalHealth/panic.sumstats.gz,summary_stats/Qced/MentalHealth/ptsd.sumstats.gz,summary_stats/Qced/MentalHealth/scz.sumstats.gz,summary_stats/Qced/MentalHealth/suicide_attempt.sumstats.gz,summary_stats/Qced/MentalHealth/suicide.sumstats.gz,summary_stats/Qced/MentalHealth/swb.sumstats.gz,summary_stats/Qced/Cognitive/intelligence.sumstats.gz,summary_stats/Qced/Cognitive/executive.sumstats.gz,summary_stats/Qced/Substance/canabis.sumstats.gz,summary_stats/Qced/Substance/cigarettes.sumstats.gz,summary_stats/Qced/Substance/drinks.sumstats.gz,summary_stats/Qced/Substance/smoking.sumstats.gz,summary_stats/Qced/Substance/substance_use.sumstats.gz,summary_stats/Qced/Socioeconomic/education.sumstats.gz,summary_stats/Qced/Socioeconomic/Childhoodmaltreatment.txt.sumstats.gz,summary_stats/Qced/Socioeconomic/agefirstbirth.sumstats.gz,summary_stats/Qced/Socioeconomic/social_depriv.sumstats.gz,summary_stats/Qced/Socioeconomic/children.sumstats.gz,summary_stats/Qced/Socioeconomic/income.sumstats.gz,summary_stats/Qced/Behavior/antisocial.sumstats.gz,summary_stats/Qced/Behavior/loneliness.sumstats.gz,summary_stats/Qced/Behavior/social_isolation.sumstats.gz,summary_stats/Qced/Behavior/risk.sumstats.gz,summary_stats/Qced/Behavior/externalizing.sumstats.gz,summary_stats/Qced/Personality/agreableness.sumstats.gz,summary_stats/Qced/Personality/conscientiousness.sumstats.gz,summary_stats/Qced/Personality/extraversion.sumstats.gz,summary_stats/Qced/Personality/neuroticism.sumstats.gz,summary_stats/Qced/Personality/openneness.sumstats.gz,summary_stats/Qced/Personality/sensitivity_env.sumstats.gz,summary_stats/Qced/Anthropometric/birth_weight.sumstats.gz,summary_stats/Qced/Anthropometric/BMI.sumstats.gz,summary_stats/Qced/Anthropometric/height.sumstats.gz,summary_stats/Qced/PhysicalHealth/arthritis.sumstats.gz,summary_stats/Qced/PhysicalHealth/chd.sumstats.gz,summary_stats/Qced/PhysicalHealth/diabetes.sumstats.gz,summary_stats/Qced/PhysicalHealth/metabolic.sumstats.gz \
--ref-ld-chr eur_w_ld_chr/ \
--w-ld-chr eur_w_ld_chr/ 

Beginning analysis at Wed Aug  2 11:06:22 2023
Reading summary statistics from summary_stats/Qced/saige2_case2.sumstats.gz ...
Read summary statistics for 1093996 SNPs.
Reading reference panel LD Score from eur_w_ld_chr/[1-22] ... (ldscore_fromlist)
Read reference panel LD Scores for 1290028 SNPs.
Removing partitioned LD Scores with zero variance.
Reading regression weight LD Score from eur_w_ld_chr/[1-22] ... (ldscore_fromlist)
Read regression weight LD Scores for 1290028 SNPs.
After merging with reference panel LD, 1081911 SNPs remain.
After merging with regression SNP LD, 1081911 SNPs remain.
Computing rg for phenotype 2/46
Reading summary statistics from summary_stats/Qced/MentalHealth/alzheimer.sumstats.gz ...
Read summary statistics for 1217311 SNPs.
After merging with summary statistics, 1081911 SNPs remain.
1006308 SNPs with valid alleles.

Heritability of phenotype 1
---------------------------
Total Observed scale h2: 0.0387 (0.0027)
Lambda GC: 1.2103
Mean Chi^2: 1.2632
Intercept: 1.0294 (0.0095)
Ratio: 0.1116 (0.0362)

Heritability of phenotype 2/46
------------------------------
Total Observed scale h2: 0.0046 (0.005)
Lambda GC: 1.1019
Mean Chi^2: 1.1847
Intercept: 1.1098 (0.1005)
Ratio: 0.5941 (0.5439)

Genetic Covariance
------------------
Total Observed scale gencov: 0.0025 (0.0011)
Mean z1*z2: 0.0308
Intercept: 0.0068 (0.0068)

Genetic Correlation
-------------------
Genetic Correlation: 0.1838 (0.1038)
Z-score: 1.7705
P: 0.0766

Computing rg for phenotype 3/46
Reading summary statistics from summary_stats/Qced/MentalHealth/adhd.sumstats.gz ...
Read summary statistics for 1217311 SNPs.
After merging with summary statistics, 1081911 SNPs remain.
1027133 SNPs with valid alleles.

Heritability of phenotype 3/46
------------------------------
Total Observed scale h2: 0.0937 (0.0044)
Lambda GC: 1.3685
Mean Chi^2: 1.465
Intercept: 1.036 (0.01)
Ratio: 0.0773 (0.0214)

Genetic Covariance
------------------
Total Observed scale gencov: 0.0275 (0.0024)
Mean z1*z2: 0.1556
Intercept: 0.014 (0.0065)

Genetic Correlation
-------------------
Genetic Correlation: 0.4517 (0.0373)
Z-score: 12.1069
P: 9.7066e-34

Computing rg for phenotype 4/46
Reading summary statistics from summary_stats/Qced/MentalHealth/anxiety.sumstats.gz ...
Read summary statistics for 1217311 SNPs.
After merging with summary statistics, 1081911 SNPs remain.
911135 SNPs with valid alleles.

Heritability of phenotype 4/46
------------------------------
Total Observed scale h2: 0.0775 (0.0303)
Lambda GC: 1.0375
Mean Chi^2: 1.0315
Intercept: 1.0033 (0.0075)
Ratio: 0.1061 (0.2389)

Genetic Covariance
------------------
Total Observed scale gencov: 0.0376 (0.0063)
Mean z1*z2: 0.0616
Intercept: 0.0052 (0.0059)

Genetic Correlation
-------------------
Genetic Correlation: 0.6802 (0.1556)
Z-score: 4.3711
P: 1.236e-05

Computing rg for phenotype 5/46
Reading summary statistics from summary_stats/Qced/MentalHealth/asd.sumstats.gz ...
Read summary statistics for 1217311 SNPs.
After merging with summary statistics, 1081911 SNPs remain.
980598 SNPs with valid alleles.

Heritability of phenotype 5/46
------------------------------
Total Observed scale h2: 0.1931 (0.016)
Lambda GC: 1.1715
Mean Chi^2: 1.201
Intercept: 1.0085 (0.0096)
Ratio: 0.0421 (0.0477)

Genetic Covariance
------------------
Total Observed scale gencov: 0.0236 (0.005)
Mean z1*z2: 0.0628
Intercept: 0.0033 (0.007)

Genetic Correlation
-------------------
Genetic Correlation: 0.2693 (0.0526)
Z-score: 5.1159
P: 3.1232e-07

Computing rg for phenotype 6/46
Reading summary statistics from summary_stats/Qced/MentalHealth/bip.sumstats.gz ...
Read summary statistics for 1217311 SNPs.
After merging with summary statistics, 1081911 SNPs remain.
1038445 SNPs with valid alleles.

Heritability of phenotype 6/46
------------------------------
Total Observed scale h2: 0.0699 (0.003)
Lambda GC: 1.4745
Mean Chi^2: 1.6209
Intercept: 1.0315 (0.0118)
Ratio: 0.0508 (0.019)

Genetic Covariance
------------------
Total Observed scale gencov: 0.0197 (0.0019)
Mean z1*z2: 0.1507
Intercept: 0.0182 (0.0074)

Genetic Correlation
-------------------
Genetic Correlation: 0.3753 (0.0344)
Z-score: 10.9166
P: 9.5988e-28

Computing rg for phenotype 7/46
Reading summary statistics from summary_stats/Qced/MentalHealth/ed.sumstats.gz ...
Read summary statistics for 1217311 SNPs.
After merging with summary statistics, 1081911 SNPs remain.
993691 SNPs with valid alleles.

Heritability of phenotype 7/46
------------------------------
Total Observed scale h2: 0.0467 (0.0078)
Lambda GC: 1.0802
Mean Chi^2: 1.0814
Intercept: 1.0102 (0.0082)
Ratio: 0.1255 (0.1002)

Genetic Covariance
------------------
Total Observed scale gencov: 0.0086 (0.0032)
Mean z1*z2: 0.0275
Intercept: 0.0023 (0.0064)

Genetic Correlation
-------------------
Genetic Correlation: 0.202 (0.0758)
Z-score: 2.6648
P: 0.0077

Computing rg for phenotype 8/46
Reading summary statistics from summary_stats/Qced/MentalHealth/insomnia.sumstats.gz ...
Read summary statistics for 1217311 SNPs.
After merging with summary statistics, 1081911 SNPs remain.
1079735 SNPs with valid alleles.

Heritability of phenotype 8/46
------------------------------
Total Observed scale h2: 0.0462 (0.002)
Lambda GC: 1.3101
Mean Chi^2: 1.3664
Intercept: 1.0097 (0.0086)
Ratio: 0.0264 (0.0234)

Genetic Covariance
------------------
Total Observed scale gencov: 0.0189 (0.0016)
Mean z1*z2: 0.2144
Intercept: 0.0851 (0.0051)

Genetic Correlation
-------------------
Genetic Correlation: 0.4479 (0.0312)
Z-score: 14.3333
P: 1.3552e-46

Computing rg for phenotype 9/46
Reading summary statistics from summary_stats/Qced/MentalHealth/ocd.sumstats.gz ...
Read summary statistics for 1217311 SNPs.
After merging with summary statistics, 1081911 SNPs remain.
1020098 SNPs with valid alleles.

Heritability of phenotype 9/46
------------------------------
Total Observed scale h2: 0.3401 (0.0495)
Lambda GC: 1.0527
Mean Chi^2: 1.057
Intercept: 0.9886 (0.0074)
Ratio < 0 (usually indicates GC correction).

Genetic Covariance
------------------
Total Observed scale gencov: 0.0171 (0.0074)
Mean z1*z2: 0.0218
Intercept: 0.0037 (0.0055)

Genetic Correlation
-------------------
Genetic Correlation: 0.1474 (0.0663)
Z-score: 2.2224
P: 0.0263

Computing rg for phenotype 10/46
Reading summary statistics from summary_stats/Qced/MentalHealth/panic.sumstats.gz ...
Read summary statistics for 1217311 SNPs.
After merging with summary statistics, 1081911 SNPs remain.
931279 SNPs with valid alleles.

Heritability of phenotype 10/46
-------------------------------
Total Observed scale h2: 0.282 (0.0598)
Lambda GC: 1.0588
Mean Chi^2: 1.0631
Intercept: 1.0013 (0.0088)
Ratio: 0.0208 (0.1398)

Genetic Covariance
------------------
Total Observed scale gencov: 0.0307 (0.0082)
Mean z1*z2: 0.0373
Intercept: 0.002 (0.0069)

Genetic Correlation
-------------------
Genetic Correlation: 0.2922 (0.0835)
Z-score: 3.4997
P: 0.0005

Computing rg for phenotype 11/46
Reading summary statistics from summary_stats/Qced/MentalHealth/ptsd.sumstats.gz ...
Read summary statistics for 1217311 SNPs.
After merging with summary statistics, 1081911 SNPs remain.
1081900 SNPs with valid alleles.

Heritability of phenotype 11/46
-------------------------------
Total Observed scale h2: 0.0037 (0.0016)
Lambda GC: 1.0135
Mean Chi^2: 1.0127
Intercept: 0.9931 (0.0065)
Ratio < 0 (usually indicates GC correction).

Genetic Covariance
------------------
Total Observed scale gencov: 0.0044 (0.0012)
Mean z1*z2: 0.025
Intercept: 0.0015 (0.0042)

Genetic Correlation
-------------------
Genetic Correlation: 0.366 (0.1319)
Z-score: 2.7747
P: 0.0055

Computing rg for phenotype 12/46
Reading summary statistics from summary_stats/Qced/MentalHealth/scz.sumstats.gz ...
Read summary statistics for 1217311 SNPs.
After merging with summary statistics, 1081911 SNPs remain.
1076438 SNPs with valid alleles.

Heritability of phenotype 12/46
-------------------------------
Total Observed scale h2: 0.3687 (0.0122)
Lambda GC: 1.7648
Mean Chi^2: 2.0461
Intercept: 1.0621 (0.0131)
Ratio: 0.0593 (0.0125)

Genetic Covariance
------------------
Total Observed scale gencov: 0.031 (0.0039)
Mean z1*z2: 0.1225
Intercept: 0.0039 (0.007)

Genetic Correlation
-------------------
Genetic Correlation: 0.2584 (0.0301)
Z-score: 8.5874
P: 8.8945e-18

Computing rg for phenotype 13/46
Reading summary statistics from summary_stats/Qced/MentalHealth/suicide_attempt.sumstats.gz ...
Read summary statistics for 1217311 SNPs.
After merging with summary statistics, 1081911 SNPs remain.
932781 SNPs with valid alleles.

Heritability of phenotype 13/46
-------------------------------
Total Observed scale h2: 0.0195 (0.0015)
Lambda GC: 1.2431
Mean Chi^2: 1.263
Intercept: 1.0474 (0.0104)
Ratio: 0.1803 (0.0397)

Genetic Covariance
------------------
Total Observed scale gencov: 0.0165 (0.0015)
Mean z1*z2: 0.1652
Intercept: 0.0309 (0.0065)

Genetic Correlation
-------------------
Genetic Correlation: 0.5921 (0.0531)
Z-score: 11.1579
P: 6.554e-29

Computing rg for phenotype 14/46
Reading summary statistics from summary_stats/Qced/MentalHealth/suicide.sumstats.gz ...
Read summary statistics for 1217311 SNPs.
After merging with summary statistics, 1081911 SNPs remain.
729434 SNPs with valid alleles.

Heritability of phenotype 14/46
-------------------------------
Total Observed scale h2: 0.3653 (0.0596)
Lambda GC: 1.194
Mean Chi^2: 1.1976
Intercept: 1.1247 (0.0088)
Ratio: 0.6308 (0.0448)

Genetic Covariance
------------------
Total Observed scale gencov: 0.0388 (0.0092)
Mean z1*z2: 0.0501
Intercept: 0.0096 (0.0062)

Genetic Correlation
-------------------
Genetic Correlation: 0.3256 (0.0741)
Z-score: 4.3942
P: 1.112e-05

Computing rg for phenotype 15/46
Reading summary statistics from summary_stats/Qced/MentalHealth/swb.sumstats.gz ...
Read summary statistics for 1217311 SNPs.
After merging with summary statistics, 1081911 SNPs remain.
930602 SNPs with valid alleles.

Heritability of phenotype 15/46
-------------------------------
Total Observed scale h2: 0.0329 (0.0028)
Lambda GC: 1.1333
Mean Chi^2: 1.1566
Intercept: 0.9989 (0.0079)
Ratio < 0 (usually indicates GC correction).

Genetic Covariance
------------------
Total Observed scale gencov: -0.0212 (0.002)
Mean z1*z2: -0.1598
Intercept: -0.0456 (0.0056)

Genetic Correlation
-------------------
Genetic Correlation: -0.5825 (0.0483)
Z-score: -12.0604
P: 1.7094e-33

Computing rg for phenotype 16/46
Reading summary statistics from summary_stats/Qced/Cognitive/intelligence.sumstats.gz ...
Read summary statistics for 1217311 SNPs.
After merging with summary statistics, 1081911 SNPs remain.
1079368 SNPs with valid alleles.

Heritability of phenotype 16/46
-------------------------------
Total Observed scale h2: 0.191 (0.0066)
Lambda GC: 1.7609
Mean Chi^2: 2.0835
Intercept: 1.0456 (0.0128)
Ratio: 0.0421 (0.0118)

Genetic Covariance
------------------
Total Observed scale gencov: -0.0094 (0.0026)
Mean z1*z2: -0.037
Intercept: 0.014 (0.0064)

Genetic Correlation
-------------------
Genetic Correlation: -0.1099 (0.0299)
Z-score: -3.6727
P: 0.0002

Computing rg for phenotype 17/46
Reading summary statistics from summary_stats/Qced/Cognitive/executive.sumstats.gz ...
Read summary statistics for 1217311 SNPs.
After merging with summary statistics, 1081911 SNPs remain.
1071687 SNPs with valid alleles.

Heritability of phenotype 17/46
-------------------------------
Total Observed scale h2: 0.0138 (0.0014)
Lambda GC: 1.0957
Mean Chi^2: 1.1261
Intercept: 1.0068 (0.0073)
Ratio: 0.0543 (0.0583)

Genetic Covariance
------------------
Total Observed scale gencov: -0.0025 (0.0012)
Mean z1*z2: -0.0311
Intercept: -0.0121 (0.005)

Genetic Correlation
-------------------
Genetic Correlation: -0.1073 (0.0519)
Z-score: -2.0665
P: 0.0388

Computing rg for phenotype 18/46
Reading summary statistics from summary_stats/Qced/Substance/canabis.sumstats.gz ...
Read summary statistics for 1217311 SNPs.
After merging with summary statistics, 1081911 SNPs remain.
1026219 SNPs with valid alleles.

Heritability of phenotype 18/46
-------------------------------
Total Observed scale h2: 0.0183 (0.0017)
Lambda GC: 1.1082
Mean Chi^2: 1.1198
Intercept: 0.9901 (0.0071)
Ratio < 0 (usually indicates GC correction).

Genetic Covariance
------------------
Total Observed scale gencov: 0.0075 (0.0014)
Mean z1*z2: 0.06
Intercept: 0.0107 (0.0055)

Genetic Correlation
-------------------
Genetic Correlation: 0.2803 (0.0526)
Z-score: 5.3267
P: 1.e-07

Computing rg for phenotype 19/46
Reading summary statistics from summary_stats/Qced/Substance/cigarettes.sumstats.gz ...
Read summary statistics for 1217311 SNPs.
After merging with summary statistics, 1081911 SNPs remain.
1077319 SNPs with valid alleles.

Heritability of phenotype 19/46
-------------------------------
Total Observed scale h2: 0.075 (0.0101)
Lambda GC: 1.2267
Mean Chi^2: 1.3412
Intercept: 0.9486 (0.0169)
Ratio < 0 (usually indicates GC correction).

Genetic Covariance
------------------
Total Observed scale gencov: 0.0151 (0.0019)
Mean z1*z2: 0.0993
Intercept: 0.0171 (0.0053)

Genetic Correlation
-------------------
Genetic Correlation: 0.2804 (0.0397)
Z-score: 7.0674
P: 1.5787e-12

Computing rg for phenotype 20/46
Reading summary statistics from summary_stats/Qced/Substance/drinks.sumstats.gz ...
Read summary statistics for 1217311 SNPs.
After merging with summary statistics, 1081911 SNPs remain.
1077218 SNPs with valid alleles.

Heritability of phenotype 20/46
-------------------------------
Total Observed scale h2: 0.0491 (0.0023)
Lambda GC: 1.3238
Mean Chi^2: 1.4589
Intercept: 0.9183 (0.0096)
Ratio < 0 (usually indicates GC correction).

Genetic Covariance
------------------
Total Observed scale gencov: 0.0035 (0.0013)
Mean z1*z2: 0.0221
Intercept: -0.0089 (0.0055)

Genetic Correlation
-------------------
Genetic Correlation: 0.0807 (0.0309)
Z-score: 2.6084
P: 0.0091

Computing rg for phenotype 21/46
Reading summary statistics from summary_stats/Qced/Substance/smoking.sumstats.gz ...
Read summary statistics for 1217311 SNPs.
After merging with summary statistics, 1081911 SNPs remain.
1064821 SNPs with valid alleles.

Heritability of phenotype 21/46
-------------------------------
Total Observed scale h2: 0.0693 (0.0025)
Lambda GC: 1.5108
Mean Chi^2: 1.7617
Intercept: 0.8821 (0.0101)
Ratio < 0 (usually indicates GC correction).

Genetic Covariance
------------------
Total Observed scale gencov: 0.0188 (0.0015)
Mean z1*z2: 0.1856
Intercept: 0.0286 (0.0053)

Genetic Correlation
-------------------
Genetic Correlation: 0.363 (0.0256)
Z-score: 14.1679
P: 1.4484e-45

Computing rg for phenotype 22/46
Reading summary statistics from summary_stats/Qced/Substance/substance_use.sumstats.gz ...
Read summary statistics for 1217311 SNPs.
After merging with summary statistics, 1081911 SNPs remain.
1038660 SNPs with valid alleles.

Heritability of phenotype 22/46
-------------------------------
Total Observed scale h2: 0.1406 (0.006)
Lambda GC: 1.3754
Mean Chi^2: 1.4914
Intercept: 0.9511 (0.0096)
Ratio < 0 (usually indicates GC correction).

Genetic Covariance
------------------
Total Observed scale gencov: 0.0219 (0.0023)
Mean z1*z2: 0.1232
Intercept: 0.0183 (0.0055)

Genetic Correlation
-------------------
Genetic Correlation: 0.2974 (0.0301)
Z-score: 9.8826
P: 4.9524e-23

Computing rg for phenotype 23/46
Reading summary statistics from summary_stats/Qced/Socioeconomic/education.sumstats.gz ...
Read summary statistics for 1217311 SNPs.
After merging with summary statistics, 1081911 SNPs remain.
1073824 SNPs with valid alleles.

Heritability of phenotype 23/46
-------------------------------
Total Observed scale h2: 0.1363 (0.0035)
Lambda GC: 2.2961
Mean Chi^2: 3.0646
Intercept: 0.9682 (0.0186)
Ratio < 0 (usually indicates GC correction).

Genetic Covariance
------------------
Total Observed scale gencov: -0.014 (0.002)
Mean z1*z2: -0.1302
Intercept: 0.0051 (0.0081)

Genetic Correlation
-------------------
Genetic Correlation: -0.1927 (0.0269)
Z-score: -7.1572
P: 8.2334e-13

Computing rg for phenotype 24/46
Reading summary statistics from summary_stats/Qced/Socioeconomic/Childhoodmaltreatment.txt.sumstats.gz ...
Read summary statistics for 1217311 SNPs.
After merging with summary statistics, 1081911 SNPs remain.
1081910 SNPs with valid alleles.

Heritability of phenotype 24/46
-------------------------------
Total Observed scale h2: 0.0713 (0.004)
Lambda GC: 1.2267
Mean Chi^2: 1.2687
Intercept: 1.0038 (0.0088)
Ratio: 0.0142 (0.0328)

Genetic Covariance
------------------
Total Observed scale gencov: 0.029 (0.0022)
Mean z1*z2: 0.2047
Intercept: 0.0687 (0.006)

Genetic Correlation
-------------------
Genetic Correlation: 0.5511 (0.0344)
Z-score: 16.0415
P: 6.5578e-58

Computing rg for phenotype 25/46
Reading summary statistics from summary_stats/Qced/Socioeconomic/agefirstbirth.sumstats.gz ...
Read summary statistics for 1217311 SNPs.
After merging with summary statistics, 1081911 SNPs remain.
975875 SNPs with valid alleles.

Heritability of phenotype 25/46
-------------------------------
Total Observed scale h2: 0.0557 (0.0031)
Lambda GC: 1.194
Mean Chi^2: 1.23
Intercept: 0.9498 (0.0082)
Ratio < 0 (usually indicates GC correction).

Genetic Covariance
------------------
Total Observed scale gencov: -0.0137 (0.0017)
Mean z1*z2: -0.0755
Intercept: -0.0052 (0.0054)

Genetic Correlation
-------------------
Genetic Correlation: -0.2903 (0.036)
Z-score: -8.0749
P: 6.7527e-16

Computing rg for phenotype 26/46
Reading summary statistics from summary_stats/Qced/Socioeconomic/social_depriv.sumstats.gz ...
Read summary statistics for 1217311 SNPs.
After merging with summary statistics, 1081911 SNPs remain.
1079671 SNPs with valid alleles.

Heritability of phenotype 26/46
-------------------------------
Total Observed scale h2: 0.0376 (0.0044)
Lambda GC: 1.0988
Mean Chi^2: 1.0946
Intercept: 1.0108 (0.0065)
Ratio: 0.1141 (0.069)

Genetic Covariance
------------------
Total Observed scale gencov: 0.0143 (0.0024)
Mean z1*z2: 0.0784
Intercept: 0.028 (0.0054)

Genetic Correlation
-------------------
Genetic Correlation: 0.3757 (0.0617)
Z-score: 6.0908
P: 1.1238e-09

Computing rg for phenotype 27/46
Reading summary statistics from summary_stats/Qced/Socioeconomic/children.sumstats.gz ...
Read summary statistics for 1217311 SNPs.
After merging with summary statistics, 1081911 SNPs remain.
975883 SNPs with valid alleles.

Heritability of phenotype 27/46
-------------------------------
Total Observed scale h2: 0.0234 (0.0017)
Lambda GC: 1.1082
Mean Chi^2: 1.131
Intercept: 0.971 (0.0073)
Ratio < 0 (usually indicates GC correction).

Genetic Covariance
------------------
Total Observed scale gencov: 0.0026 (0.0013)
Mean z1*z2: 0.0197
Intercept: 0.0036 (0.0048)

Genetic Correlation
-------------------
Genetic Correlation: 0.084 (0.0436)
Z-score: 1.928
P: 0.0539

Computing rg for phenotype 28/46
Reading summary statistics from summary_stats/Qced/Socioeconomic/income.sumstats.gz ...
Read summary statistics for 1217311 SNPs.
After merging with summary statistics, 1081911 SNPs remain.
1079671 SNPs with valid alleles.

Heritability of phenotype 28/46
-------------------------------
Total Observed scale h2: 0.0604 (0.0055)
Lambda GC: 1.1459
Mean Chi^2: 1.1639
Intercept: 1.0264 (0.0077)
Ratio: 0.1613 (0.0467)

Genetic Covariance
------------------
Total Observed scale gencov: -0.0182 (0.0028)
Mean z1*z2: -0.091
Intercept: -0.0257 (0.0056)

Genetic Correlation
-------------------
Genetic Correlation: -0.3774 (0.0564)
Z-score: -6.6872
P: 2.2749e-11

Computing rg for phenotype 29/46
Reading summary statistics from summary_stats/Qced/Behavior/antisocial.sumstats.gz ...
Read summary statistics for 1217311 SNPs.
After merging with summary statistics, 1081911 SNPs remain.
1014046 SNPs with valid alleles.

Heritability of phenotype 29/46
-------------------------------
Total Observed scale h2: 0.0773 (0.0115)
Lambda GC: 1.0833
Mean Chi^2: 1.0884
Intercept: 1.0124 (0.007)
Ratio: 0.1404 (0.0788)

Genetic Covariance
------------------
Total Observed scale gencov: 0.0269 (0.0035)
Mean z1*z2: 0.0711
Intercept: 0.0057 (0.0055)

Genetic Correlation
-------------------
Genetic Correlation: 0.4876 (0.0642)
Z-score: 7.5944
P: 3.0925e-14

Computing rg for phenotype 30/46
Reading summary statistics from summary_stats/Qced/Behavior/loneliness.sumstats.gz ...
Read summary statistics for 1217311 SNPs.
After merging with summary statistics, 1081911 SNPs remain.
1076491 SNPs with valid alleles.

Heritability of phenotype 30/46
-------------------------------
Total Observed scale h2: 0.0347 (0.0018)
Lambda GC: 1.3101
Mean Chi^2: 1.3665
Intercept: 1.0252 (0.0078)
Ratio: 0.0689 (0.0214)

Genetic Covariance
------------------
Total Observed scale gencov: 0.0259 (0.0017)
Mean z1*z2: 0.3645
Intercept: 0.1648 (0.0062)

Genetic Correlation
-------------------
Genetic Correlation: 0.7049 (0.0289)
Z-score: 24.4259
P: 9.0757e-132

Computing rg for phenotype 31/46
Reading summary statistics from summary_stats/Qced/Behavior/social_isolation.sumstats.gz ...
Read summary statistics for 1217311 SNPs.
After merging with summary statistics, 1081911 SNPs remain.
1076826 SNPs with valid alleles.

Heritability of phenotype 31/46
-------------------------------
Total Observed scale h2: 0.0419 (0.0021)
Lambda GC: 1.2932
Mean Chi^2: 1.3589
Intercept: 0.984 (0.008)
Ratio < 0 (usually indicates GC correction).

Genetic Covariance
------------------
Total Observed scale gencov: 0.027 (0.0017)
Mean z1*z2: 0.35
Intercept: 0.1524 (0.006)

Genetic Correlation
-------------------
Genetic Correlation: 0.6692 (0.0289)
Z-score: 23.1954
P: 5.0712e-119

Computing rg for phenotype 32/46
Reading summary statistics from summary_stats/Qced/Behavior/risk.sumstats.gz ...
Read summary statistics for 1217311 SNPs.
After merging with summary statistics, 1081911 SNPs remain.
1081748 SNPs with valid alleles.

Heritability of phenotype 32/46
-------------------------------
Total Observed scale h2: 0.0519 (0.0023)
Lambda GC: 1.3859
Mean Chi^2: 1.4911
Intercept: 1.0025 (0.0095)
Ratio: 0.005 (0.0194)

Genetic Covariance
------------------
Total Observed scale gencov: 0.0089 (0.0015)
Mean z1*z2: 0.1
Intercept: 0.0367 (0.0058)

Genetic Correlation
-------------------
Genetic Correlation: 0.1991 (0.0348)
Z-score: 5.7195
P: 1.0683e-08

Computing rg for phenotype 33/46
Reading summary statistics from summary_stats/Qced/Behavior/externalizing.sumstats.gz ...
Read summary statistics for 1217311 SNPs.
After merging with summary statistics, 1081911 SNPs remain.
972868 SNPs with valid alleles.

Heritability of phenotype 33/46
-------------------------------
Total Observed scale h2: 0.0627 (0.0024)
Lambda GC: 1.9136
Mean Chi^2: 2.3801
Intercept: 0.9777 (0.02)
Ratio < 0 (usually indicates GC correction).

Genetic Covariance
------------------
Total Observed scale gencov: 0.018 (0.0018)
Mean z1*z2: 0.2686
Intercept: 0.0674 (0.01)

Genetic Correlation
-------------------
Genetic Correlation: 0.3595 (0.0336)
Z-score: 10.6921
P: 1.1089e-26

Computing rg for phenotype 34/46
Reading summary statistics from summary_stats/Qced/Personality/agreableness.sumstats.gz ...
Read summary statistics for 1217311 SNPs.
After merging with summary statistics, 1081911 SNPs remain.
830324 SNPs with valid alleles.

Heritability of phenotype 34/46
-------------------------------
Total Observed scale h2: 0.013 (0.0288)
Lambda GC: 1.0016
Mean Chi^2: 1.0099
Intercept: 1.005 (0.0088)
Ratio: 0.5048 (0.8917)

Genetic Covariance
------------------
Total Observed scale gencov: -0.0194 (0.0061)
Mean z1*z2: -0.0371
Intercept: -0.0058 (0.0067)

Genetic Correlation
-------------------
Genetic Correlation: -0.8585 (1.2702)
Z-score: -0.6759
P: 0.4991

Computing rg for phenotype 35/46
Reading summary statistics from summary_stats/Qced/Personality/conscientiousness.sumstats.gz ...
Read summary statistics for 1217311 SNPs.
After merging with summary statistics, 1081911 SNPs remain.
830293 SNPs with valid alleles.

Heritability of phenotype 35/46
-------------------------------
Total Observed scale h2: 0.0748 (0.0326)
Lambda GC: 1.0195
Mean Chi^2: 1.0274
Intercept: 0.9987 (0.0084)
Ratio < 0 (usually indicates GC correction).

Genetic Covariance
------------------
Total Observed scale gencov: -0.01 (0.0062)
Mean z1*z2: -0.0208
Intercept: -0.0048 (0.0062)

Genetic Correlation
-------------------
Genetic Correlation: -0.1849 (0.1168)
Z-score: -1.5832
P: 0.1134

Computing rg for phenotype 36/46
Reading summary statistics from summary_stats/Qced/Personality/extraversion.sumstats.gz ...
Read summary statistics for 1217311 SNPs.
After merging with summary statistics, 1081911 SNPs remain.
1036119 SNPs with valid alleles.

Heritability of phenotype 36/46
-------------------------------
Total Observed scale h2: 0.0509 (0.0083)
Lambda GC: 1.0588
Mean Chi^2: 1.0668
Intercept: 0.9996 (0.007)
Ratio < 0 (usually indicates GC correction).

Genetic Covariance
------------------
Total Observed scale gencov: -0.0042 (0.0031)
Mean z1*z2: -0.0023
Intercept: 0.0102 (0.0055)

Genetic Correlation
-------------------
Genetic Correlation: -0.0927 (0.069)
Z-score: -1.3446
P: 0.1787

Computing rg for phenotype 37/46
Reading summary statistics from summary_stats/Qced/Personality/neuroticism.sumstats.gz ...
Read summary statistics for 1217311 SNPs.
After merging with summary statistics, 1081911 SNPs remain.
1079387 SNPs with valid alleles.

Heritability of phenotype 37/46
-------------------------------
Total Observed scale h2: 0.105 (0.0036)
Lambda GC: 1.607
Mean Chi^2: 1.8248
Intercept: 1.0163 (0.0114)
Ratio: 0.0198 (0.0139)

Genetic Covariance
------------------
Total Observed scale gencov: 0.0484 (0.0023)
Mean z1*z2: 0.6391
Intercept: 0.3133 (0.007)

Genetic Correlation
-------------------
Genetic Correlation: 0.759 (0.0194)
Z-score: 39.1671
P: 0.

Computing rg for phenotype 38/46
Reading summary statistics from summary_stats/Qced/Personality/openneness.sumstats.gz ...
Read summary statistics for 1217311 SNPs.
After merging with summary statistics, 1081911 SNPs remain.
830311 SNPs with valid alleles.

Heritability of phenotype 38/46
-------------------------------
Total Observed scale h2: 0.1198 (0.0284)
Lambda GC: 1.0375
Mean Chi^2: 1.0343
Intercept: 0.9883 (0.0081)
Ratio < 0 (usually indicates GC correction).

Genetic Covariance
------------------
Total Observed scale gencov: 0.0032 (0.0065)
Mean z1*z2: 0.0099
Intercept: 0.0036 (0.0067)

Genetic Correlation
-------------------
Genetic Correlation: 0.0461 (0.0952)
Z-score: 0.4849
P: 0.6278

Computing rg for phenotype 39/46
Reading summary statistics from summary_stats/Qced/Personality/sensitivity_env.sumstats.gz ...
Read summary statistics for 1217311 SNPs.
After merging with summary statistics, 1081911 SNPs remain.
1074637 SNPs with valid alleles.

Heritability of phenotype 39/46
-------------------------------
Total Observed scale h2: 0.0828 (0.0031)
Lambda GC: 1.4673
Mean Chi^2: 1.5939
Intercept: 1.0222 (0.0098)
Ratio: 0.0373 (0.0165)

Genetic Covariance
------------------
Total Observed scale gencov: 0.0311 (0.0019)
Mean z1*z2: 0.3741
Intercept: 0.1768 (0.0063)

Genetic Correlation
-------------------
Genetic Correlation: 0.5484 (0.0258)
Z-score: 21.278
P: 1.8138e-100

Computing rg for phenotype 40/46
Reading summary statistics from summary_stats/Qced/Anthropometric/birth_weight.sumstats.gz ...
Read summary statistics for 1217311 SNPs.
After merging with summary statistics, 1081911 SNPs remain.
1079431 SNPs with valid alleles.

Heritability of phenotype 40/46
-------------------------------
Total Observed scale h2: 0.1035 (0.007)
Lambda GC: 1.2005
Mean Chi^2: 1.315
Intercept: 1.0358 (0.0093)
Ratio: 0.1137 (0.0297)

Genetic Covariance
------------------
Total Observed scale gencov: 0.001 (0.0022)
Mean z1*z2: 0.0014
Intercept: 6.8571e-05 (0.005)

Genetic Correlation
-------------------
Genetic Correlation: 0.0165 (0.0348)
Z-score: 0.4735
P: 0.6359

Computing rg for phenotype 41/46
Reading summary statistics from summary_stats/Qced/Anthropometric/BMI.sumstats.gz ...
Read summary statistics for 1217311 SNPs.
After merging with summary statistics, 1081911 SNPs remain.
966598 SNPs with valid alleles.

Heritability of phenotype 41/46
-------------------------------
Total Observed scale h2: 0.2106 (0.0064)
Lambda GC: 2.7872
Mean Chi^2: 3.9631
Intercept: 1.0213 (0.0266)
Ratio: 0.0072 (0.009)

Genetic Covariance
------------------
Total Observed scale gencov: 0.0123 (0.0022)
Mean z1*z2: 0.1158
Intercept: 0.0249 (0.0091)

Genetic Correlation
-------------------
Genetic Correlation: 0.1342 (0.0253)
Z-score: 5.307
P: 1.1146e-07

Computing rg for phenotype 42/46
Reading summary statistics from summary_stats/Qced/Anthropometric/height.sumstats.gz ...
Read summary statistics for 1217311 SNPs.
After merging with summary statistics, 1081911 SNPs remain.
965442 SNPs with valid alleles.

Heritability of phenotype 42/46
-------------------------------
Total Observed scale h2: 0.5043 (0.0238)
Lambda GC: 3.6129
Mean Chi^2: 8.9697
Intercept: 1.5294 (0.1115)
Ratio: 0.0664 (0.014)

Genetic Covariance
------------------
Total Observed scale gencov: -0.0093 (0.0031)
Mean z1*z2: -0.0548
Intercept: 0.0203 (0.0125)

Genetic Correlation
-------------------
Genetic Correlation: -0.0659 (0.0221)
Z-score: -2.982
P: 0.0029

Computing rg for phenotype 43/46
Reading summary statistics from summary_stats/Qced/PhysicalHealth/arthritis.sumstats.gz ...
Read summary statistics for 1217311 SNPs.
After merging with summary statistics, 1081911 SNPs remain.
1008025 SNPs with valid alleles.

Heritability of phenotype 43/46
-------------------------------
Total Observed scale h2: 0.131 (0.0202)
Lambda GC: 1.2168
Mean Chi^2: 1.3398
Intercept: 1.0659 (0.018)
Ratio: 0.194 (0.0529)

Genetic Covariance
------------------
Total Observed scale gencov: -0.0033 (0.0031)
Mean z1*z2: -0.0127
Intercept: -0.0025 (0.0066)

Genetic Correlation
-------------------
Genetic Correlation: -0.047 (0.0436)
Z-score: -1.0779
P: 0.2811

Computing rg for phenotype 44/46
Reading summary statistics from summary_stats/Qced/PhysicalHealth/chd.sumstats.gz ...
Read summary statistics for 1217311 SNPs.
After merging with summary statistics, 1081911 SNPs remain.
878113 SNPs with valid alleles.

Heritability of phenotype 44/46
-------------------------------
Total Observed scale h2: 0.0734 (0.0102)
Lambda GC: 1.105
Mean Chi^2: 1.1464
Intercept: 1.0244 (0.0101)
Ratio: 0.1668 (0.0687)

Genetic Covariance
------------------
Total Observed scale gencov: 0.0091 (0.0028)
Mean z1*z2: 0.0263
Intercept: -0.0026 (0.0063)

Genetic Correlation
-------------------
Genetic Correlation: 0.1705 (0.0535)
Z-score: 3.1895
P: 0.0014

Computing rg for phenotype 45/46
Reading summary statistics from summary_stats/Qced/PhysicalHealth/diabetes.sumstats.gz ...
Read summary statistics for 1217311 SNPs.
After merging with summary statistics, 1081911 SNPs remain.
1073415 SNPs with valid alleles.

Heritability of phenotype 45/46
-------------------------------
Total Observed scale h2: 0.1744 (0.0083)
Lambda GC: 1.5035
Mean Chi^2: 1.8655
Intercept: 0.9917 (0.0221)
Ratio < 0 (usually indicates GC correction).

Genetic Covariance
------------------
Total Observed scale gencov: 0.0111 (0.0025)
Mean z1*z2: 0.0636
Intercept: 0.0137 (0.0067)

Genetic Correlation
-------------------
Genetic Correlation: 0.1346 (0.0314)
Z-score: 4.2907
P: 1.7809e-05

Computing rg for phenotype 46/46
Reading summary statistics from summary_stats/Qced/PhysicalHealth/metabolic.sumstats.gz ...
Read summary statistics for 1217311 SNPs.
After merging with summary statistics, 1081911 SNPs remain.
938856 SNPs with valid alleles.

Heritability of phenotype 46/46
-------------------------------
Total Observed scale h2: 0.1356 (0.0049)
Lambda GC: 1.7965
Mean Chi^2: 2.1949
Intercept: 0.9658 (0.0156)
Ratio < 0 (usually indicates GC correction).

Genetic Covariance
------------------
Total Observed scale gencov: 0.0121 (0.0019)
Mean z1*z2: 0.1126
Intercept: 0.0266 (0.0071)

Genetic Correlation
-------------------
Genetic Correlation: 0.1653 (0.0255)
Z-score: 6.4718
P: 9.6832e-11


Summary of Genetic Correlation Results
                                         p1                                                                     p2      rg     se        z           p  h2_obs  h2_obs_se  h2_int  h2_int_se    gcov_int  gcov_int_se
summary_stats/Qced/saige2_case2.sumstats.gz                  summary_stats/Qced/MentalHealth/alzheimer.sumstats.gz  0.1838 0.1038   1.7705  7.6648e-02  0.0046     0.0050  1.1098     0.1005  6.7873e-03       0.0068
summary_stats/Qced/saige2_case2.sumstats.gz                       summary_stats/Qced/MentalHealth/adhd.sumstats.gz  0.4517 0.0373  12.1069  9.7066e-34  0.0937     0.0044  1.0360     0.0100  1.3993e-02       0.0065
summary_stats/Qced/saige2_case2.sumstats.gz                    summary_stats/Qced/MentalHealth/anxiety.sumstats.gz  0.6802 0.1556   4.3711  1.2360e-05  0.0775     0.0303  1.0033     0.0075  5.2308e-03       0.0059
summary_stats/Qced/saige2_case2.sumstats.gz                        summary_stats/Qced/MentalHealth/asd.sumstats.gz  0.2693 0.0526   5.1159  3.1232e-07  0.1931     0.0160  1.0085     0.0096  3.2553e-03       0.0070
summary_stats/Qced/saige2_case2.sumstats.gz                        summary_stats/Qced/MentalHealth/bip.sumstats.gz  0.3753 0.0344  10.9166  9.5988e-28  0.0699     0.0030  1.0315     0.0118  1.8215e-02       0.0074
summary_stats/Qced/saige2_case2.sumstats.gz                         summary_stats/Qced/MentalHealth/ed.sumstats.gz  0.2020 0.0758   2.6648  7.7024e-03  0.0467     0.0078  1.0102     0.0082  2.3089e-03       0.0064
summary_stats/Qced/saige2_case2.sumstats.gz                   summary_stats/Qced/MentalHealth/insomnia.sumstats.gz  0.4479 0.0312  14.3333  1.3552e-46  0.0462     0.0020  1.0097     0.0086  8.5062e-02       0.0051
summary_stats/Qced/saige2_case2.sumstats.gz                        summary_stats/Qced/MentalHealth/ocd.sumstats.gz  0.1474 0.0663   2.2224  2.6253e-02  0.3401     0.0495  0.9886     0.0074  3.6965e-03       0.0055
summary_stats/Qced/saige2_case2.sumstats.gz                      summary_stats/Qced/MentalHealth/panic.sumstats.gz  0.2922 0.0835   3.4997  4.6571e-04  0.2820     0.0598  1.0013     0.0088  1.9909e-03       0.0069
summary_stats/Qced/saige2_case2.sumstats.gz                       summary_stats/Qced/MentalHealth/ptsd.sumstats.gz  0.3660 0.1319   2.7747  5.5250e-03  0.0037     0.0016  0.9931     0.0065  1.4693e-03       0.0042
summary_stats/Qced/saige2_case2.sumstats.gz                        summary_stats/Qced/MentalHealth/scz.sumstats.gz  0.2584 0.0301   8.5874  8.8945e-18  0.3687     0.0122  1.0621     0.0131  3.9108e-03       0.0070
summary_stats/Qced/saige2_case2.sumstats.gz            summary_stats/Qced/MentalHealth/suicide_attempt.sumstats.gz  0.5921 0.0531  11.1579  6.5540e-29  0.0195     0.0015  1.0474     0.0104  3.0870e-02       0.0065
summary_stats/Qced/saige2_case2.sumstats.gz                    summary_stats/Qced/MentalHealth/suicide.sumstats.gz  0.3256 0.0741   4.3942  1.1120e-05  0.3653     0.0596  1.1247     0.0088  9.5863e-03       0.0062
summary_stats/Qced/saige2_case2.sumstats.gz                        summary_stats/Qced/MentalHealth/swb.sumstats.gz -0.5825 0.0483 -12.0604  1.7094e-33  0.0329     0.0028  0.9989     0.0079 -4.5556e-02       0.0056
summary_stats/Qced/saige2_case2.sumstats.gz                  summary_stats/Qced/Cognitive/intelligence.sumstats.gz -0.1099 0.0299  -3.6727  2.4002e-04  0.1910     0.0066  1.0456     0.0128  1.4040e-02       0.0064
summary_stats/Qced/saige2_case2.sumstats.gz                     summary_stats/Qced/Cognitive/executive.sumstats.gz -0.1073 0.0519  -2.0665  3.8779e-02  0.0138     0.0014  1.0068     0.0073 -1.2146e-02       0.0050
summary_stats/Qced/saige2_case2.sumstats.gz                       summary_stats/Qced/Substance/canabis.sumstats.gz  0.2803 0.0526   5.3267  1.0000e-07  0.0183     0.0017  0.9901     0.0071  1.0669e-02       0.0055
summary_stats/Qced/saige2_case2.sumstats.gz                    summary_stats/Qced/Substance/cigarettes.sumstats.gz  0.2804 0.0397   7.0674  1.5787e-12  0.0750     0.0101  0.9486     0.0169  1.7111e-02       0.0053
summary_stats/Qced/saige2_case2.sumstats.gz                        summary_stats/Qced/Substance/drinks.sumstats.gz  0.0807 0.0309   2.6084  9.0957e-03  0.0491     0.0023  0.9183     0.0096 -8.8506e-03       0.0055
summary_stats/Qced/saige2_case2.sumstats.gz                       summary_stats/Qced/Substance/smoking.sumstats.gz  0.3630 0.0256  14.1679  1.4484e-45  0.0693     0.0025  0.8821     0.0101  2.8616e-02       0.0053
summary_stats/Qced/saige2_case2.sumstats.gz                 summary_stats/Qced/Substance/substance_use.sumstats.gz  0.2974 0.0301   9.8826  4.9524e-23  0.1406     0.0060  0.9511     0.0096  1.8334e-02       0.0055
summary_stats/Qced/saige2_case2.sumstats.gz                 summary_stats/Qced/Socioeconomic/education.sumstats.gz -0.1927 0.0269  -7.1572  8.2334e-13  0.1363     0.0035  0.9682     0.0186  5.0511e-03       0.0081
summary_stats/Qced/saige2_case2.sumstats.gz summary_stats/Qced/Socioeconomic/Childhoodmaltreatment.txt.sumstats.gz  0.5511 0.0344  16.0415  6.5578e-58  0.0713     0.0040  1.0038     0.0088  6.8716e-02       0.0060
summary_stats/Qced/saige2_case2.sumstats.gz             summary_stats/Qced/Socioeconomic/agefirstbirth.sumstats.gz -0.2903 0.0360  -8.0749  6.7527e-16  0.0557     0.0031  0.9498     0.0082 -5.2387e-03       0.0054
summary_stats/Qced/saige2_case2.sumstats.gz             summary_stats/Qced/Socioeconomic/social_depriv.sumstats.gz  0.3757 0.0617   6.0908  1.1238e-09  0.0376     0.0044  1.0108     0.0065  2.8022e-02       0.0054
summary_stats/Qced/saige2_case2.sumstats.gz                  summary_stats/Qced/Socioeconomic/children.sumstats.gz  0.0840 0.0436   1.9280  5.3856e-02  0.0234     0.0017  0.9710     0.0073  3.5925e-03       0.0048
summary_stats/Qced/saige2_case2.sumstats.gz                    summary_stats/Qced/Socioeconomic/income.sumstats.gz -0.3774 0.0564  -6.6872  2.2749e-11  0.0604     0.0055  1.0264     0.0077 -2.5659e-02       0.0056
summary_stats/Qced/saige2_case2.sumstats.gz                     summary_stats/Qced/Behavior/antisocial.sumstats.gz  0.4876 0.0642   7.5944  3.0925e-14  0.0773     0.0115  1.0124     0.0070  5.6860e-03       0.0055
summary_stats/Qced/saige2_case2.sumstats.gz                     summary_stats/Qced/Behavior/loneliness.sumstats.gz  0.7049 0.0289  24.4259 9.0757e-132  0.0347     0.0018  1.0252     0.0078  1.6476e-01       0.0062
summary_stats/Qced/saige2_case2.sumstats.gz               summary_stats/Qced/Behavior/social_isolation.sumstats.gz  0.6692 0.0289  23.1954 5.0712e-119  0.0419     0.0021  0.9840     0.0080  1.5240e-01       0.0060
summary_stats/Qced/saige2_case2.sumstats.gz                           summary_stats/Qced/Behavior/risk.sumstats.gz  0.1991 0.0348   5.7195  1.0683e-08  0.0519     0.0023  1.0025     0.0095  3.6722e-02       0.0058
summary_stats/Qced/saige2_case2.sumstats.gz                  summary_stats/Qced/Behavior/externalizing.sumstats.gz  0.3595 0.0336  10.6921  1.1089e-26  0.0627     0.0024  0.9777     0.0200  6.7438e-02       0.0100
summary_stats/Qced/saige2_case2.sumstats.gz                summary_stats/Qced/Personality/agreableness.sumstats.gz -0.8585 1.2702  -0.6759  4.9912e-01  0.0130     0.0288  1.0050     0.0088 -5.8365e-03       0.0067
summary_stats/Qced/saige2_case2.sumstats.gz           summary_stats/Qced/Personality/conscientiousness.sumstats.gz -0.1849 0.1168  -1.5832  1.1337e-01  0.0748     0.0326  0.9987     0.0084 -4.7772e-03       0.0062
summary_stats/Qced/saige2_case2.sumstats.gz                summary_stats/Qced/Personality/extraversion.sumstats.gz -0.0927 0.0690  -1.3446  1.7875e-01  0.0509     0.0083  0.9996     0.0070  1.0164e-02       0.0055
summary_stats/Qced/saige2_case2.sumstats.gz                 summary_stats/Qced/Personality/neuroticism.sumstats.gz  0.7590 0.0194  39.1671  0.0000e+00  0.1050     0.0036  1.0163     0.0114  3.1331e-01       0.0070
summary_stats/Qced/saige2_case2.sumstats.gz                  summary_stats/Qced/Personality/openneness.sumstats.gz  0.0461 0.0952   0.4849  6.2777e-01  0.1198     0.0284  0.9883     0.0081  3.6214e-03       0.0067
summary_stats/Qced/saige2_case2.sumstats.gz             summary_stats/Qced/Personality/sensitivity_env.sumstats.gz  0.5484 0.0258  21.2780 1.8138e-100  0.0828     0.0031  1.0222     0.0098  1.7679e-01       0.0063
summary_stats/Qced/saige2_case2.sumstats.gz             summary_stats/Qced/Anthropometric/birth_weight.sumstats.gz  0.0165 0.0348   0.4735  6.3585e-01  0.1035     0.0070  1.0358     0.0093  6.8571e-05       0.0050
summary_stats/Qced/saige2_case2.sumstats.gz                      summary_stats/Qced/Anthropometric/BMI.sumstats.gz  0.1342 0.0253   5.3070  1.1146e-07  0.2106     0.0064  1.0213     0.0266  2.4852e-02       0.0091
summary_stats/Qced/saige2_case2.sumstats.gz                   summary_stats/Qced/Anthropometric/height.sumstats.gz -0.0659 0.0221  -2.9820  2.8638e-03  0.5043     0.0238  1.5294     0.1115  2.0338e-02       0.0125
summary_stats/Qced/saige2_case2.sumstats.gz                summary_stats/Qced/PhysicalHealth/arthritis.sumstats.gz -0.0470 0.0436  -1.0779  2.8108e-01  0.1310     0.0202  1.0659     0.0180 -2.5127e-03       0.0066
summary_stats/Qced/saige2_case2.sumstats.gz                      summary_stats/Qced/PhysicalHealth/chd.sumstats.gz  0.1705 0.0535   3.1895  1.4250e-03  0.0734     0.0102  1.0244     0.0101 -2.6374e-03       0.0063
summary_stats/Qced/saige2_case2.sumstats.gz                 summary_stats/Qced/PhysicalHealth/diabetes.sumstats.gz  0.1346 0.0314   4.2907  1.7809e-05  0.1744     0.0083  0.9917     0.0221  1.3745e-02       0.0067
summary_stats/Qced/saige2_case2.sumstats.gz                summary_stats/Qced/PhysicalHealth/metabolic.sumstats.gz  0.1653 0.0255   6.4718  9.6832e-11  0.1356     0.0049  0.9658     0.0156  2.6602e-02       0.0071

Analysis finished at Wed Aug  2 11:10:40 2023
Total time elapsed: 4.0m:18.160000000000025s
