*********************************************************************
* LD Score Regression (LDSC)
* Version 2.0.0
* (C) 2014-2019 Brendan Bulik-Sullivan and Hilary Finucane
* Broad Institute of MIT and Harvard / MIT Department of Mathematics
* GNU General Public License v3
*********************************************************************
Call: 
./ldsc.py \
--out results/saige2_case1 \
--rg summary_stats/Qced/saige2_case1.sumstats.gz,summary_stats/Qced/saige2_case2.sumstats.gz,summary_stats/Qced/MentalHealth/alzheimer.sumstats.gz,summary_stats/Qced/MentalHealth/adhd.sumstats.gz,summary_stats/Qced/MentalHealth/anxiety.sumstats.gz,summary_stats/Qced/MentalHealth/asd.sumstats.gz,summary_stats/Qced/MentalHealth/bip.sumstats.gz,summary_stats/Qced/MentalHealth/ed.sumstats.gz,summary_stats/Qced/MentalHealth/insomnia.sumstats.gz,summary_stats/Qced/MentalHealth/ocd.sumstats.gz,summary_stats/Qced/MentalHealth/panic.sumstats.gz,summary_stats/Qced/MentalHealth/ptsd.sumstats.gz,summary_stats/Qced/MentalHealth/scz.sumstats.gz,summary_stats/Qced/MentalHealth/suicide_attempt.sumstats.gz,summary_stats/Qced/MentalHealth/suicide.sumstats.gz,summary_stats/Qced/MentalHealth/swb.sumstats.gz,summary_stats/Qced/Cognitive/intelligence.sumstats.gz,summary_stats/Qced/Cognitive/executive.sumstats.gz,summary_stats/Qced/Substance/canabis.sumstats.gz,summary_stats/Qced/Substance/cigarettes.sumstats.gz,summary_stats/Qced/Substance/drinks.sumstats.gz,summary_stats/Qced/Substance/smoking.sumstats.gz,summary_stats/Qced/Substance/substance_use.sumstats.gz,summary_stats/Qced/Socioeconomic/education.sumstats.gz,summary_stats/Qced/Socioeconomic/social_depriv.sumstats.gz,summary_stats/Qced/Socioeconomic/Childhoodmaltreatment.txt.sumstats.gz,summary_stats/Qced/Socioeconomic/children.sumstats.gz,summary_stats/Qced/Socioeconomic/agefirstbirth.sumstats.gz,summary_stats/Qced/Socioeconomic/income.sumstats.gz,summary_stats/Qced/Behavior/antisocial.sumstats.gz,summary_stats/Qced/Behavior/loneliness.sumstats.gz,summary_stats/Qced/Behavior/social_isolation.sumstats.gz,summary_stats/Qced/Behavior/risk.sumstats.gz,summary_stats/Qced/Behavior/externalizing.sumstats.gz,summary_stats/Qced/Personality/agreableness.sumstats.gz,summary_stats/Qced/Personality/conscientiousness.sumstats.gz,summary_stats/Qced/Personality/extraversion.sumstats.gz,summary_stats/Qced/Personality/neuroticism.sumstats.gz,summary_stats/Qced/Personality/openneness.sumstats.gz,summary_stats/Qced/Personality/sensitivity_env.sumstats.gz,summary_stats/Qced/Anthropometric/birth_weight.sumstats.gz,summary_stats/Qced/Anthropometric/BMI.sumstats.gz,summary_stats/Qced/Anthropometric/height.sumstats.gz,summary_stats/Qced/PhysicalHealth/arthritis.sumstats.gz,summary_stats/Qced/PhysicalHealth/chd.sumstats.gz,summary_stats/Qced/PhysicalHealth/diabetes.sumstats.gz,summary_stats/Qced/PhysicalHealth/metabolic.sumstats.gz \
--ref-ld-chr eur_w_ld_chr/ \
--w-ld-chr eur_w_ld_chr/ 

Beginning analysis at Wed Aug  2 11:01:15 2023
Reading summary statistics from summary_stats/Qced/saige2_case1.sumstats.gz ...
Read summary statistics for 1093996 SNPs.
Reading reference panel LD Score from eur_w_ld_chr/[1-22] ... (ldscore_fromlist)
Read reference panel LD Scores for 1290028 SNPs.
Removing partitioned LD Scores with zero variance.
Reading regression weight LD Score from eur_w_ld_chr/[1-22] ... (ldscore_fromlist)
Read regression weight LD Scores for 1290028 SNPs.
After merging with reference panel LD, 1081911 SNPs remain.
After merging with regression SNP LD, 1081911 SNPs remain.
Computing rg for phenotype 2/47
Reading summary statistics from summary_stats/Qced/saige2_case2.sumstats.gz ...
Read summary statistics for 1217311 SNPs.
After merging with summary statistics, 1081911 SNPs remain.
1081911 SNPs with valid alleles.

Heritability of phenotype 1
---------------------------
Total Observed scale h2: 0.021 (0.0021)
Lambda GC: 1.1491
Mean Chi^2: 1.1639
Intercept: 1.0373 (0.0078)
Ratio: 0.2278 (0.0479)

Heritability of phenotype 2/47
------------------------------
Total Observed scale h2: 0.0387 (0.0026)
Lambda GC: 1.2005
Mean Chi^2: 1.2512
Intercept: 1.027 (0.0078)
Ratio: 0.1075 (0.0312)

Genetic Covariance
------------------
Total Observed scale gencov: 0.0244 (0.0018)
Mean z1*z2: 0.2728
Intercept: 0.129 (0.0059)

Genetic Correlation
-------------------
Genetic Correlation: 0.8554 (0.0478)
Z-score: 17.8818
P: 1.6344e-71

Computing rg for phenotype 3/47
Reading summary statistics from summary_stats/Qced/MentalHealth/alzheimer.sumstats.gz ...
Read summary statistics for 1217311 SNPs.
After merging with summary statistics, 1081911 SNPs remain.
1006308 SNPs with valid alleles.

Heritability of phenotype 3/47
------------------------------
Total Observed scale h2: 0.0046 (0.005)
Lambda GC: 1.1019
Mean Chi^2: 1.1847
Intercept: 1.1098 (0.1005)
Ratio: 0.5941 (0.5439)

Genetic Covariance
------------------
Total Observed scale gencov: 0.002 (0.0009)
Mean z1*z2: 0.0371
Intercept: 0.0166 (0.0059)

Genetic Correlation
-------------------
Genetic Correlation: 0.2081 (0.1175)
Z-score: 1.7721
P: 0.0764

Computing rg for phenotype 4/47
Reading summary statistics from summary_stats/Qced/MentalHealth/adhd.sumstats.gz ...
Read summary statistics for 1217311 SNPs.
After merging with summary statistics, 1081911 SNPs remain.
1027133 SNPs with valid alleles.

Heritability of phenotype 4/47
------------------------------
Total Observed scale h2: 0.0937 (0.0044)
Lambda GC: 1.3685
Mean Chi^2: 1.465
Intercept: 1.036 (0.01)
Ratio: 0.0773 (0.0214)

Genetic Covariance
------------------
Total Observed scale gencov: 0.0209 (0.002)
Mean z1*z2: 0.1157
Intercept: 0.0037 (0.0065)

Genetic Correlation
-------------------
Genetic Correlation: 0.4753 (0.045)
Z-score: 10.565
P: 4.3311e-26

Computing rg for phenotype 5/47
Reading summary statistics from summary_stats/Qced/MentalHealth/anxiety.sumstats.gz ...
Read summary statistics for 1217311 SNPs.
After merging with summary statistics, 1081911 SNPs remain.
911135 SNPs with valid alleles.

Heritability of phenotype 5/47
------------------------------
Total Observed scale h2: 0.0775 (0.0303)
Lambda GC: 1.0375
Mean Chi^2: 1.0315
Intercept: 1.0033 (0.0075)
Ratio: 0.1061 (0.2389)

Genetic Covariance
------------------
Total Observed scale gencov: 0.0308 (0.0059)
Mean z1*z2: 0.0394
Intercept: -0.0079 (0.0064)

Genetic Correlation
-------------------
Genetic Correlation: 0.7746 (0.1785)
Z-score: 4.3398
P: 1.4263e-05

Computing rg for phenotype 6/47
Reading summary statistics from summary_stats/Qced/MentalHealth/asd.sumstats.gz ...
Read summary statistics for 1217311 SNPs.
After merging with summary statistics, 1081911 SNPs remain.
980598 SNPs with valid alleles.

Heritability of phenotype 6/47
------------------------------
Total Observed scale h2: 0.1931 (0.016)
Lambda GC: 1.1715
Mean Chi^2: 1.201
Intercept: 1.0085 (0.0096)
Ratio: 0.0421 (0.0477)

Genetic Covariance
------------------
Total Observed scale gencov: 0.0253 (0.0039)
Mean z1*z2: 0.0613
Intercept: -0.0039 (0.0061)

Genetic Correlation
-------------------
Genetic Correlation: 0.4031 (0.0611)
Z-score: 6.5921
P: 4.3361e-11

Computing rg for phenotype 7/47
Reading summary statistics from summary_stats/Qced/MentalHealth/bip.sumstats.gz ...
Read summary statistics for 1217311 SNPs.
After merging with summary statistics, 1081911 SNPs remain.
1038445 SNPs with valid alleles.

Heritability of phenotype 7/47
------------------------------
Total Observed scale h2: 0.0699 (0.003)
Lambda GC: 1.4745
Mean Chi^2: 1.6209
Intercept: 1.0315 (0.0118)
Ratio: 0.0508 (0.019)

Genetic Covariance
------------------
Total Observed scale gencov: 0.0196 (0.0018)
Mean z1*z2: 0.1618
Intercept: 0.0194 (0.0068)

Genetic Correlation
-------------------
Genetic Correlation: 0.5097 (0.0446)
Z-score: 11.4194
P: 3.3438e-30

Computing rg for phenotype 8/47
Reading summary statistics from summary_stats/Qced/MentalHealth/ed.sumstats.gz ...
Read summary statistics for 1217311 SNPs.
After merging with summary statistics, 1081911 SNPs remain.
993691 SNPs with valid alleles.

Heritability of phenotype 8/47
------------------------------
Total Observed scale h2: 0.0467 (0.0078)
Lambda GC: 1.0802
Mean Chi^2: 1.0814
Intercept: 1.0102 (0.0082)
Ratio: 0.1255 (0.1002)

Genetic Covariance
------------------
Total Observed scale gencov: 0.0051 (0.0029)
Mean z1*z2: 0.0173
Intercept: 0.0028 (0.0058)

Genetic Correlation
-------------------
Genetic Correlation: 0.1657 (0.0974)
Z-score: 1.7014
P: 0.0889

Computing rg for phenotype 9/47
Reading summary statistics from summary_stats/Qced/MentalHealth/insomnia.sumstats.gz ...
Read summary statistics for 1217311 SNPs.
After merging with summary statistics, 1081911 SNPs remain.
1079735 SNPs with valid alleles.

Heritability of phenotype 9/47
------------------------------
Total Observed scale h2: 0.0462 (0.002)
Lambda GC: 1.3101
Mean Chi^2: 1.3664
Intercept: 1.0097 (0.0086)
Ratio: 0.0264 (0.0234)

Genetic Covariance
------------------
Total Observed scale gencov: 0.0119 (0.0014)
Mean z1*z2: 0.1206
Intercept: 0.0388 (0.0056)

Genetic Correlation
-------------------
Genetic Correlation: 0.3833 (0.0463)
Z-score: 8.2809
P: 1.2221e-16

Computing rg for phenotype 10/47
Reading summary statistics from summary_stats/Qced/MentalHealth/ocd.sumstats.gz ...
Read summary statistics for 1217311 SNPs.
After merging with summary statistics, 1081911 SNPs remain.
1020098 SNPs with valid alleles.

Heritability of phenotype 10/47
-------------------------------
Total Observed scale h2: 0.3401 (0.0495)
Lambda GC: 1.0527
Mean Chi^2: 1.057
Intercept: 0.9886 (0.0074)
Ratio < 0 (usually indicates GC correction).

Genetic Covariance
------------------
Total Observed scale gencov: 0.0238 (0.0075)
Mean z1*z2: 0.022
Intercept: -0.0037 (0.0059)

Genetic Correlation
-------------------
Genetic Correlation: 0.2834 (0.0931)
Z-score: 3.044
P: 0.0023

Computing rg for phenotype 11/47
Reading summary statistics from summary_stats/Qced/MentalHealth/panic.sumstats.gz ...
Read summary statistics for 1217311 SNPs.
After merging with summary statistics, 1081911 SNPs remain.
931279 SNPs with valid alleles.

Heritability of phenotype 11/47
-------------------------------
Total Observed scale h2: 0.282 (0.0598)
Lambda GC: 1.0588
Mean Chi^2: 1.0631
Intercept: 1.0013 (0.0088)
Ratio: 0.0208 (0.1398)

Genetic Covariance
------------------
Total Observed scale gencov: 0.0185 (0.0086)
Mean z1*z2: 0.0269
Intercept: 0.0047 (0.0064)

Genetic Correlation
-------------------
Genetic Correlation: 0.2434 (0.1184)
Z-score: 2.0562
P: 0.0398

Computing rg for phenotype 12/47
Reading summary statistics from summary_stats/Qced/MentalHealth/ptsd.sumstats.gz ...
Read summary statistics for 1217311 SNPs.
After merging with summary statistics, 1081911 SNPs remain.
1081900 SNPs with valid alleles.

Heritability of phenotype 12/47
-------------------------------
Total Observed scale h2: 0.0037 (0.0016)
Lambda GC: 1.0135
Mean Chi^2: 1.0127
Intercept: 0.9931 (0.0065)
Ratio < 0 (usually indicates GC correction).

Genetic Covariance
------------------
Total Observed scale gencov: 0.0038 (0.0012)
Mean z1*z2: 0.0188
Intercept: -0.0029 (0.0043)

Genetic Correlation
-------------------
Genetic Correlation: 0.4287 (0.1592)
Z-score: 2.6929
P: 0.0071

Computing rg for phenotype 13/47
Reading summary statistics from summary_stats/Qced/MentalHealth/scz.sumstats.gz ...
Read summary statistics for 1217311 SNPs.
After merging with summary statistics, 1081911 SNPs remain.
1076438 SNPs with valid alleles.

Heritability of phenotype 13/47
-------------------------------
Total Observed scale h2: 0.3687 (0.0122)
Lambda GC: 1.7648
Mean Chi^2: 2.0461
Intercept: 1.0621 (0.0131)
Ratio: 0.0593 (0.0125)

Genetic Covariance
------------------
Total Observed scale gencov: 0.0281 (0.0032)
Mean z1*z2: 0.1333
Intercept: 0.021 (0.0065)

Genetic Correlation
-------------------
Genetic Correlation: 0.3207 (0.0359)
Z-score: 8.9291
P: 4.2967e-19

Computing rg for phenotype 14/47
Reading summary statistics from summary_stats/Qced/MentalHealth/suicide_attempt.sumstats.gz ...
Read summary statistics for 1217311 SNPs.
After merging with summary statistics, 1081911 SNPs remain.
932781 SNPs with valid alleles.

Heritability of phenotype 14/47
-------------------------------
Total Observed scale h2: 0.0195 (0.0015)
Lambda GC: 1.2431
Mean Chi^2: 1.263
Intercept: 1.0474 (0.0104)
Ratio: 0.1803 (0.0397)

Genetic Covariance
------------------
Total Observed scale gencov: 0.013 (0.0013)
Mean z1*z2: 0.1382
Intercept: 0.0277 (0.0069)

Genetic Correlation
-------------------
Genetic Correlation: 0.6468 (0.0587)
Z-score: 11.015
P: 3.2371e-28

Computing rg for phenotype 15/47
Reading summary statistics from summary_stats/Qced/MentalHealth/suicide.sumstats.gz ...
Read summary statistics for 1217311 SNPs.
After merging with summary statistics, 1081911 SNPs remain.
729434 SNPs with valid alleles.

Heritability of phenotype 15/47
-------------------------------
Total Observed scale h2: 0.3653 (0.0596)
Lambda GC: 1.194
Mean Chi^2: 1.1976
Intercept: 1.1247 (0.0088)
Ratio: 0.6308 (0.0448)

Genetic Covariance
------------------
Total Observed scale gencov: 0.0254 (0.0077)
Mean z1*z2: 0.0354
Intercept: 0.0087 (0.0059)

Genetic Correlation
-------------------
Genetic Correlation: 0.292 (0.0919)
Z-score: 3.1792
P: 0.0015

Computing rg for phenotype 16/47
Reading summary statistics from summary_stats/Qced/MentalHealth/swb.sumstats.gz ...
Read summary statistics for 1217311 SNPs.
After merging with summary statistics, 1081911 SNPs remain.
930602 SNPs with valid alleles.

Heritability of phenotype 16/47
-------------------------------
Total Observed scale h2: 0.0329 (0.0028)
Lambda GC: 1.1333
Mean Chi^2: 1.1566
Intercept: 0.9989 (0.0079)
Ratio < 0 (usually indicates GC correction).

Genetic Covariance
------------------
Total Observed scale gencov: -0.0136 (0.0017)
Mean z1*z2: -0.0951
Intercept: -0.0216 (0.0059)

Genetic Correlation
-------------------
Genetic Correlation: -0.5198 (0.0631)
Z-score: -8.2379
P: 1.7528e-16

Computing rg for phenotype 17/47
Reading summary statistics from summary_stats/Qced/Cognitive/intelligence.sumstats.gz ...
Read summary statistics for 1217311 SNPs.
After merging with summary statistics, 1081911 SNPs remain.
1079368 SNPs with valid alleles.

Heritability of phenotype 17/47
-------------------------------
Total Observed scale h2: 0.191 (0.0066)
Lambda GC: 1.7609
Mean Chi^2: 2.0835
Intercept: 1.0456 (0.0128)
Ratio: 0.0421 (0.0118)

Genetic Covariance
------------------
Total Observed scale gencov: -0.0053 (0.0022)
Mean z1*z2: -0.0289
Intercept: 0.0019 (0.0059)

Genetic Correlation
-------------------
Genetic Correlation: -0.0839 (0.0344)
Z-score: -2.4363
P: 0.0148

Computing rg for phenotype 18/47
Reading summary statistics from summary_stats/Qced/Cognitive/executive.sumstats.gz ...
Read summary statistics for 1217311 SNPs.
After merging with summary statistics, 1081911 SNPs remain.
1071687 SNPs with valid alleles.

Heritability of phenotype 18/47
-------------------------------
Total Observed scale h2: 0.0138 (0.0014)
Lambda GC: 1.0957
Mean Chi^2: 1.1261
Intercept: 1.0068 (0.0073)
Ratio: 0.0543 (0.0583)

Genetic Covariance
------------------
Total Observed scale gencov: -0.0008 (0.0012)
Mean z1*z2: -0.0074
Intercept: -0.002 (0.0051)

Genetic Correlation
-------------------
Genetic Correlation: -0.0448 (0.0736)
Z-score: -0.6089
P: 0.5426

Computing rg for phenotype 19/47
Reading summary statistics from summary_stats/Qced/Substance/canabis.sumstats.gz ...
Read summary statistics for 1217311 SNPs.
After merging with summary statistics, 1081911 SNPs remain.
1026219 SNPs with valid alleles.

Heritability of phenotype 19/47
-------------------------------
Total Observed scale h2: 0.0183 (0.0017)
Lambda GC: 1.1082
Mean Chi^2: 1.1198
Intercept: 0.9901 (0.0071)
Ratio < 0 (usually indicates GC correction).

Genetic Covariance
------------------
Total Observed scale gencov: 0.0069 (0.0012)
Mean z1*z2: 0.051
Intercept: 0.0048 (0.005)

Genetic Correlation
-------------------
Genetic Correlation: 0.3499 (0.0623)
Z-score: 5.6147
P: 1.9694e-08

Computing rg for phenotype 20/47
Reading summary statistics from summary_stats/Qced/Substance/cigarettes.sumstats.gz ...
Read summary statistics for 1217311 SNPs.
After merging with summary statistics, 1081911 SNPs remain.
1077319 SNPs with valid alleles.

Heritability of phenotype 20/47
-------------------------------
Total Observed scale h2: 0.075 (0.0101)
Lambda GC: 1.2267
Mean Chi^2: 1.3412
Intercept: 0.9486 (0.0169)
Ratio < 0 (usually indicates GC correction).

Genetic Covariance
------------------
Total Observed scale gencov: 0.0079 (0.0017)
Mean z1*z2: 0.0557
Intercept: 0.0098 (0.0053)

Genetic Correlation
-------------------
Genetic Correlation: 0.1987 (0.0461)
Z-score: 4.3096
P: 1.6356e-05

Computing rg for phenotype 21/47
Reading summary statistics from summary_stats/Qced/Substance/drinks.sumstats.gz ...
Read summary statistics for 1217311 SNPs.
After merging with summary statistics, 1081911 SNPs remain.
1077218 SNPs with valid alleles.

Heritability of phenotype 21/47
-------------------------------
Total Observed scale h2: 0.0491 (0.0023)
Lambda GC: 1.3238
Mean Chi^2: 1.4589
Intercept: 0.9183 (0.0096)
Ratio < 0 (usually indicates GC correction).

Genetic Covariance
------------------
Total Observed scale gencov: 0.0024 (0.0011)
Mean z1*z2: -0.0189
Intercept: -0.0402 (0.0049)

Genetic Correlation
-------------------
Genetic Correlation: 0.0732 (0.0345)
Z-score: 2.124
P: 0.0337

Computing rg for phenotype 22/47
Reading summary statistics from summary_stats/Qced/Substance/smoking.sumstats.gz ...
Read summary statistics for 1217311 SNPs.
After merging with summary statistics, 1081911 SNPs remain.
1064821 SNPs with valid alleles.

Heritability of phenotype 22/47
-------------------------------
Total Observed scale h2: 0.0693 (0.0025)
Lambda GC: 1.5108
Mean Chi^2: 1.7617
Intercept: 0.8821 (0.0101)
Ratio < 0 (usually indicates GC correction).

Genetic Covariance
------------------
Total Observed scale gencov: 0.0128 (0.0014)
Mean z1*z2: 0.1254
Intercept: 0.0126 (0.0056)

Genetic Correlation
-------------------
Genetic Correlation: 0.3355 (0.0342)
Z-score: 9.8229
P: 8.9732e-23

Computing rg for phenotype 23/47
Reading summary statistics from summary_stats/Qced/Substance/substance_use.sumstats.gz ...
Read summary statistics for 1217311 SNPs.
After merging with summary statistics, 1081911 SNPs remain.
1038660 SNPs with valid alleles.

Heritability of phenotype 23/47
-------------------------------
Total Observed scale h2: 0.1406 (0.006)
Lambda GC: 1.3754
Mean Chi^2: 1.4914
Intercept: 0.9511 (0.0096)
Ratio < 0 (usually indicates GC correction).

Genetic Covariance
------------------
Total Observed scale gencov: 0.0138 (0.002)
Mean z1*z2: 0.0641
Intercept: -0.0046 (0.0052)

Genetic Correlation
-------------------
Genetic Correlation: 0.2522 (0.0356)
Z-score: 7.0812
P: 1.4292e-12

Computing rg for phenotype 24/47
Reading summary statistics from summary_stats/Qced/Socioeconomic/education.sumstats.gz ...
Read summary statistics for 1217311 SNPs.
After merging with summary statistics, 1081911 SNPs remain.
1073824 SNPs with valid alleles.

Heritability of phenotype 24/47
-------------------------------
Total Observed scale h2: 0.1363 (0.0035)
Lambda GC: 2.2961
Mean Chi^2: 3.0646
Intercept: 0.9682 (0.0186)
Ratio < 0 (usually indicates GC correction).

Genetic Covariance
------------------
Total Observed scale gencov: -0.0056 (0.0015)
Mean z1*z2: -0.0391
Intercept: 0.0164 (0.0065)

Genetic Correlation
-------------------
Genetic Correlation: -0.1046 (0.0282)
Z-score: -3.7143
P: 0.0002

Computing rg for phenotype 25/47
Reading summary statistics from summary_stats/Qced/Socioeconomic/social_depriv.sumstats.gz ...
Read summary statistics for 1217311 SNPs.
After merging with summary statistics, 1081911 SNPs remain.
1079671 SNPs with valid alleles.

Heritability of phenotype 25/47
-------------------------------
Total Observed scale h2: 0.0376 (0.0044)
Lambda GC: 1.0988
Mean Chi^2: 1.0946
Intercept: 1.0108 (0.0065)
Ratio: 0.1141 (0.069)

Genetic Covariance
------------------
Total Observed scale gencov: 0.0102 (0.0022)
Mean z1*z2: 0.0629
Intercept: 0.0258 (0.0053)

Genetic Correlation
-------------------
Genetic Correlation: 0.3618 (0.0753)
Z-score: 4.8036
P: 1.5582e-06

Computing rg for phenotype 26/47
Reading summary statistics from summary_stats/Qced/Socioeconomic/Childhoodmaltreatment.txt.sumstats.gz ...
Read summary statistics for 1217311 SNPs.
After merging with summary statistics, 1081911 SNPs remain.
1081910 SNPs with valid alleles.

Heritability of phenotype 26/47
-------------------------------
Total Observed scale h2: 0.0713 (0.004)
Lambda GC: 1.2267
Mean Chi^2: 1.2687
Intercept: 1.0038 (0.0088)
Ratio: 0.0142 (0.0328)

Genetic Covariance
------------------
Total Observed scale gencov: 0.0169 (0.0019)
Mean z1*z2: 0.1271
Intercept: 0.0469 (0.006)

Genetic Correlation
-------------------
Genetic Correlation: 0.436 (0.0456)
Z-score: 9.5536
P: 1.2529e-21

Computing rg for phenotype 27/47
Reading summary statistics from summary_stats/Qced/Socioeconomic/children.sumstats.gz ...
Read summary statistics for 1217311 SNPs.
After merging with summary statistics, 1081911 SNPs remain.
975883 SNPs with valid alleles.

Heritability of phenotype 27/47
-------------------------------
Total Observed scale h2: 0.0234 (0.0017)
Lambda GC: 1.1082
Mean Chi^2: 1.131
Intercept: 0.971 (0.0073)
Ratio < 0 (usually indicates GC correction).

Genetic Covariance
------------------
Total Observed scale gencov: 0.0057 (0.0013)
Mean z1*z2: 0.0432
Intercept: 0.0061 (0.005)

Genetic Correlation
-------------------
Genetic Correlation: 0.2558 (0.0591)
Z-score: 4.3316
P: 1.4806e-05

Computing rg for phenotype 28/47
Reading summary statistics from summary_stats/Qced/Socioeconomic/agefirstbirth.sumstats.gz ...
Read summary statistics for 1217311 SNPs.
After merging with summary statistics, 1081911 SNPs remain.
975875 SNPs with valid alleles.

Heritability of phenotype 28/47
-------------------------------
Total Observed scale h2: 0.0557 (0.0031)
Lambda GC: 1.194
Mean Chi^2: 1.23
Intercept: 0.9498 (0.0082)
Ratio < 0 (usually indicates GC correction).

Genetic Covariance
------------------
Total Observed scale gencov: -0.0121 (0.0015)
Mean z1*z2: -0.0676
Intercept: -0.0031 (0.0052)

Genetic Correlation
-------------------
Genetic Correlation: -0.3545 (0.0466)
Z-score: -7.6014
P: 2.9292e-14

Computing rg for phenotype 29/47
Reading summary statistics from summary_stats/Qced/Socioeconomic/income.sumstats.gz ...
Read summary statistics for 1217311 SNPs.
After merging with summary statistics, 1081911 SNPs remain.
1079671 SNPs with valid alleles.

Heritability of phenotype 29/47
-------------------------------
Total Observed scale h2: 0.0604 (0.0055)
Lambda GC: 1.1459
Mean Chi^2: 1.1639
Intercept: 1.0264 (0.0077)
Ratio: 0.1613 (0.0467)

Genetic Covariance
------------------
Total Observed scale gencov: -0.0074 (0.0023)
Mean z1*z2: -0.0638
Intercept: -0.0374 (0.0048)

Genetic Correlation
-------------------
Genetic Correlation: -0.2076 (0.0643)
Z-score: -3.2269
P: 0.0013

Computing rg for phenotype 30/47
Reading summary statistics from summary_stats/Qced/Behavior/antisocial.sumstats.gz ...
Read summary statistics for 1217311 SNPs.
After merging with summary statistics, 1081911 SNPs remain.
1014046 SNPs with valid alleles.

Heritability of phenotype 30/47
-------------------------------
Total Observed scale h2: 0.0773 (0.0115)
Lambda GC: 1.0833
Mean Chi^2: 1.0884
Intercept: 1.0124 (0.007)
Ratio: 0.1404 (0.0788)

Genetic Covariance
------------------
Total Observed scale gencov: 0.0179 (0.0033)
Mean z1*z2: 0.04
Intercept: -0.0044 (0.0054)

Genetic Correlation
-------------------
Genetic Correlation: 0.4435 (0.0869)
Z-score: 5.1037
P: 3.3299e-07

Computing rg for phenotype 31/47
Reading summary statistics from summary_stats/Qced/Behavior/loneliness.sumstats.gz ...
Read summary statistics for 1217311 SNPs.
After merging with summary statistics, 1081911 SNPs remain.
1076491 SNPs with valid alleles.

Heritability of phenotype 31/47
-------------------------------
Total Observed scale h2: 0.0347 (0.0018)
Lambda GC: 1.3101
Mean Chi^2: 1.3665
Intercept: 1.0252 (0.0078)
Ratio: 0.0689 (0.0214)

Genetic Covariance
------------------
Total Observed scale gencov: 0.0152 (0.0014)
Mean z1*z2: 0.2196
Intercept: 0.1017 (0.0051)

Genetic Correlation
-------------------
Genetic Correlation: 0.5684 (0.0416)
Z-score: 13.6785
P: 1.3654e-42

Computing rg for phenotype 32/47
Reading summary statistics from summary_stats/Qced/Behavior/social_isolation.sumstats.gz ...
Read summary statistics for 1217311 SNPs.
After merging with summary statistics, 1081911 SNPs remain.
1076826 SNPs with valid alleles.

Heritability of phenotype 32/47
-------------------------------
Total Observed scale h2: 0.0419 (0.0021)
Lambda GC: 1.2932
Mean Chi^2: 1.3589
Intercept: 0.984 (0.008)
Ratio < 0 (usually indicates GC correction).

Genetic Covariance
------------------
Total Observed scale gencov: 0.0147 (0.0015)
Mean z1*z2: 0.1998
Intercept: 0.0912 (0.0051)

Genetic Correlation
-------------------
Genetic Correlation: 0.4998 (0.0397)
Z-score: 12.5904
P: 2.3848e-36

Computing rg for phenotype 33/47
Reading summary statistics from summary_stats/Qced/Behavior/risk.sumstats.gz ...
Read summary statistics for 1217311 SNPs.
After merging with summary statistics, 1081911 SNPs remain.
1081748 SNPs with valid alleles.

Heritability of phenotype 33/47
-------------------------------
Total Observed scale h2: 0.0519 (0.0023)
Lambda GC: 1.3859
Mean Chi^2: 1.4911
Intercept: 1.0025 (0.0095)
Ratio: 0.005 (0.0194)

Genetic Covariance
------------------
Total Observed scale gencov: 0.0069 (0.0014)
Mean z1*z2: 0.0694
Intercept: 0.019 (0.0057)

Genetic Correlation
-------------------
Genetic Correlation: 0.2101 (0.041)
Z-score: 5.1266
P: 2.9506e-07

Computing rg for phenotype 34/47
Reading summary statistics from summary_stats/Qced/Behavior/externalizing.sumstats.gz ...
Read summary statistics for 1217311 SNPs.
After merging with summary statistics, 1081911 SNPs remain.
972868 SNPs with valid alleles.

Heritability of phenotype 34/47
-------------------------------
Total Observed scale h2: 0.0627 (0.0024)
Lambda GC: 1.9136
Mean Chi^2: 2.3801
Intercept: 0.9777 (0.02)
Ratio < 0 (usually indicates GC correction).

Genetic Covariance
------------------
Total Observed scale gencov: 0.0132 (0.0014)
Mean z1*z2: 0.1946
Intercept: 0.0393 (0.0087)

Genetic Correlation
-------------------
Genetic Correlation: 0.3683 (0.038)
Z-score: 9.6805
P: 3.6482e-22

Computing rg for phenotype 35/47
Reading summary statistics from summary_stats/Qced/Personality/agreableness.sumstats.gz ...
Read summary statistics for 1217311 SNPs.
After merging with summary statistics, 1081911 SNPs remain.
830324 SNPs with valid alleles.

Heritability of phenotype 35/47
-------------------------------
Total Observed scale h2: 0.013 (0.0288)
Lambda GC: 1.0016
Mean Chi^2: 1.0099
Intercept: 1.005 (0.0088)
Ratio: 0.5048 (0.8917)

Genetic Covariance
------------------
Total Observed scale gencov: -0.0094 (0.0051)
Mean z1*z2: -0.0103
Intercept: 0.0049 (0.0057)

Genetic Correlation
-------------------
Genetic Correlation: -0.5833 (0.9193)
Z-score: -0.6344
P: 0.5258

Computing rg for phenotype 36/47
Reading summary statistics from summary_stats/Qced/Personality/conscientiousness.sumstats.gz ...
Read summary statistics for 1217311 SNPs.
After merging with summary statistics, 1081911 SNPs remain.
830293 SNPs with valid alleles.

Heritability of phenotype 36/47
-------------------------------
Total Observed scale h2: 0.0748 (0.0326)
Lambda GC: 1.0195
Mean Chi^2: 1.0274
Intercept: 0.9987 (0.0084)
Ratio < 0 (usually indicates GC correction).

Genetic Covariance
------------------
Total Observed scale gencov: -0.0149 (0.0057)
Mean z1*z2: -0.0198
Intercept: 0.0046 (0.0063)

Genetic Correlation
-------------------
Genetic Correlation: -0.3871 (0.1779)
Z-score: -2.1761
P: 0.0295

Computing rg for phenotype 37/47
Reading summary statistics from summary_stats/Qced/Personality/extraversion.sumstats.gz ...
Read summary statistics for 1217311 SNPs.
After merging with summary statistics, 1081911 SNPs remain.
1036119 SNPs with valid alleles.

Heritability of phenotype 37/47
-------------------------------
Total Observed scale h2: 0.0509 (0.0083)
Lambda GC: 1.0588
Mean Chi^2: 1.0668
Intercept: 0.9996 (0.007)
Ratio < 0 (usually indicates GC correction).

Genetic Covariance
------------------
Total Observed scale gencov: 0.0026 (0.0029)
Mean z1*z2: 0.0065
Intercept: -0.0013 (0.0054)

Genetic Correlation
-------------------
Genetic Correlation: 0.0816 (0.0904)
Z-score: 0.9028
P: 0.3666

Computing rg for phenotype 38/47
Reading summary statistics from summary_stats/Qced/Personality/neuroticism.sumstats.gz ...
Read summary statistics for 1217311 SNPs.
After merging with summary statistics, 1081911 SNPs remain.
1079387 SNPs with valid alleles.

Heritability of phenotype 38/47
-------------------------------
Total Observed scale h2: 0.105 (0.0036)
Lambda GC: 1.607
Mean Chi^2: 1.8248
Intercept: 1.0163 (0.0114)
Ratio: 0.0198 (0.0139)

Genetic Covariance
------------------
Total Observed scale gencov: 0.0268 (0.0019)
Mean z1*z2: 0.2983
Intercept: 0.1162 (0.0057)

Genetic Correlation
-------------------
Genetic Correlation: 0.5729 (0.0347)
Z-score: 16.5175
P: 2.7442e-61

Computing rg for phenotype 39/47
Reading summary statistics from summary_stats/Qced/Personality/openneness.sumstats.gz ...
Read summary statistics for 1217311 SNPs.
After merging with summary statistics, 1081911 SNPs remain.
830311 SNPs with valid alleles.

Heritability of phenotype 39/47
-------------------------------
Total Observed scale h2: 0.1198 (0.0284)
Lambda GC: 1.0375
Mean Chi^2: 1.0343
Intercept: 0.9883 (0.0081)
Ratio < 0 (usually indicates GC correction).

Genetic Covariance
------------------
Total Observed scale gencov: 0.0087 (0.0055)
Mean z1*z2: 0.0137
Intercept: -0.0017 (0.006)

Genetic Correlation
-------------------
Genetic Correlation: 0.1779 (0.1108)
Z-score: 1.6055
P: 0.1084

Computing rg for phenotype 40/47
Reading summary statistics from summary_stats/Qced/Personality/sensitivity_env.sumstats.gz ...
Read summary statistics for 1217311 SNPs.
After merging with summary statistics, 1081911 SNPs remain.
1074637 SNPs with valid alleles.

Heritability of phenotype 40/47
-------------------------------
Total Observed scale h2: 0.0828 (0.0031)
Lambda GC: 1.4673
Mean Chi^2: 1.5939
Intercept: 1.0222 (0.0098)
Ratio: 0.0373 (0.0165)

Genetic Covariance
------------------
Total Observed scale gencov: 0.0185 (0.0018)
Mean z1*z2: 0.2007
Intercept: 0.0831 (0.0056)

Genetic Correlation
-------------------
Genetic Correlation: 0.4457 (0.0398)
Z-score: 11.1999
P: 4.0825e-29

Computing rg for phenotype 41/47
Reading summary statistics from summary_stats/Qced/Anthropometric/birth_weight.sumstats.gz ...
Read summary statistics for 1217311 SNPs.
After merging with summary statistics, 1081911 SNPs remain.
1079431 SNPs with valid alleles.

Heritability of phenotype 41/47
-------------------------------
Total Observed scale h2: 0.1035 (0.007)
Lambda GC: 1.2005
Mean Chi^2: 1.315
Intercept: 1.0358 (0.0093)
Ratio: 0.1137 (0.0297)

Genetic Covariance
------------------
Total Observed scale gencov: -0.0013 (0.0019)
Mean z1*z2: -0.0063
Intercept: -0.0004 (0.0048)

Genetic Correlation
-------------------
Genetic Correlation: -0.0288 (0.0417)
Z-score: -0.6908
P: 0.4897

Computing rg for phenotype 42/47
Reading summary statistics from summary_stats/Qced/Anthropometric/BMI.sumstats.gz ...
Read summary statistics for 1217311 SNPs.
After merging with summary statistics, 1081911 SNPs remain.
966598 SNPs with valid alleles.

Heritability of phenotype 42/47
-------------------------------
Total Observed scale h2: 0.2106 (0.0064)
Lambda GC: 2.7872
Mean Chi^2: 3.9631
Intercept: 1.0213 (0.0266)
Ratio: 0.0072 (0.009)

Genetic Covariance
------------------
Total Observed scale gencov: 0.0108 (0.002)
Mean z1*z2: 0.1096
Intercept: 0.013 (0.008)

Genetic Correlation
-------------------
Genetic Correlation: 0.1637 (0.0297)
Z-score: 5.5138
P: 3.5126e-08

Computing rg for phenotype 43/47
Reading summary statistics from summary_stats/Qced/Anthropometric/height.sumstats.gz ...
Read summary statistics for 1217311 SNPs.
After merging with summary statistics, 1081911 SNPs remain.
965442 SNPs with valid alleles.

Heritability of phenotype 43/47
-------------------------------
Total Observed scale h2: 0.5043 (0.0238)
Lambda GC: 3.6129
Mean Chi^2: 8.9697
Intercept: 1.5294 (0.1115)
Ratio: 0.0664 (0.014)

Genetic Covariance
------------------
Total Observed scale gencov: -0.002 (0.0029)
Mean z1*z2: -0.0066
Intercept: 0.0035 (0.0117)

Genetic Correlation
-------------------
Genetic Correlation: -0.0198 (0.0289)
Z-score: -0.6852
P: 0.4932

Computing rg for phenotype 44/47
Reading summary statistics from summary_stats/Qced/PhysicalHealth/arthritis.sumstats.gz ...
Read summary statistics for 1217311 SNPs.
After merging with summary statistics, 1081911 SNPs remain.
1008025 SNPs with valid alleles.

Heritability of phenotype 44/47
-------------------------------
Total Observed scale h2: 0.131 (0.0202)
Lambda GC: 1.2168
Mean Chi^2: 1.3398
Intercept: 1.0659 (0.018)
Ratio: 0.194 (0.0529)

Genetic Covariance
------------------
Total Observed scale gencov: 0.0026 (0.0025)
Mean z1*z2: 0.0045
Intercept: -0.0082 (0.0057)

Genetic Correlation
-------------------
Genetic Correlation: 0.0498 (0.0489)
Z-score: 1.0181
P: 0.3086

Computing rg for phenotype 45/47
Reading summary statistics from summary_stats/Qced/PhysicalHealth/chd.sumstats.gz ...
Read summary statistics for 1217311 SNPs.
After merging with summary statistics, 1081911 SNPs remain.
878113 SNPs with valid alleles.

Heritability of phenotype 45/47
-------------------------------
Total Observed scale h2: 0.0734 (0.0102)
Lambda GC: 1.105
Mean Chi^2: 1.1464
Intercept: 1.0244 (0.0101)
Ratio: 0.1668 (0.0687)

Genetic Covariance
------------------
Total Observed scale gencov: 0.0097 (0.0028)
Mean z1*z2: 0.019
Intercept: -0.0119 (0.006)

Genetic Correlation
-------------------
Genetic Correlation: 0.2519 (0.0761)
Z-score: 3.3101
P: 0.0009

Computing rg for phenotype 46/47
Reading summary statistics from summary_stats/Qced/PhysicalHealth/diabetes.sumstats.gz ...
Read summary statistics for 1217311 SNPs.
After merging with summary statistics, 1081911 SNPs remain.
1073415 SNPs with valid alleles.

Heritability of phenotype 46/47
-------------------------------
Total Observed scale h2: 0.1744 (0.0083)
Lambda GC: 1.5035
Mean Chi^2: 1.8655
Intercept: 0.9917 (0.0221)
Ratio < 0 (usually indicates GC correction).

Genetic Covariance
------------------
Total Observed scale gencov: 0.0118 (0.0021)
Mean z1*z2: 0.0564
Intercept: -0.0047 (0.0059)

Genetic Correlation
-------------------
Genetic Correlation: 0.195 (0.0368)
Z-score: 5.3023
P: 1.1435e-07

Computing rg for phenotype 47/47
Reading summary statistics from summary_stats/Qced/PhysicalHealth/metabolic.sumstats.gz ...
Read summary statistics for 1217311 SNPs.
After merging with summary statistics, 1081911 SNPs remain.
938856 SNPs with valid alleles.

Heritability of phenotype 47/47
-------------------------------
Total Observed scale h2: 0.1356 (0.0049)
Lambda GC: 1.7965
Mean Chi^2: 2.1949
Intercept: 0.9658 (0.0156)
Ratio < 0 (usually indicates GC correction).

Genetic Covariance
------------------
Total Observed scale gencov: 0.0112 (0.0018)
Mean z1*z2: 0.094
Intercept: 0.0086 (0.0069)

Genetic Correlation
-------------------
Genetic Correlation: 0.2139 (0.034)
Z-score: 6.2928
P: 3.1185e-10


Summary of Genetic Correlation Results
                                         p1                                                                     p2      rg     se       z          p  h2_obs  h2_obs_se  h2_int  h2_int_se  gcov_int  gcov_int_se
summary_stats/Qced/saige2_case1.sumstats.gz                            summary_stats/Qced/saige2_case2.sumstats.gz  0.8554 0.0478 17.8818 1.6344e-71  0.0387     0.0026  1.0270     0.0078    0.1290       0.0059
summary_stats/Qced/saige2_case1.sumstats.gz                  summary_stats/Qced/MentalHealth/alzheimer.sumstats.gz  0.2081 0.1175  1.7721 7.6370e-02  0.0046     0.0050  1.1098     0.1005    0.0166       0.0059
summary_stats/Qced/saige2_case1.sumstats.gz                       summary_stats/Qced/MentalHealth/adhd.sumstats.gz  0.4753 0.0450 10.5650 4.3311e-26  0.0937     0.0044  1.0360     0.0100    0.0037       0.0065
summary_stats/Qced/saige2_case1.sumstats.gz                    summary_stats/Qced/MentalHealth/anxiety.sumstats.gz  0.7746 0.1785  4.3398 1.4263e-05  0.0775     0.0303  1.0033     0.0075   -0.0079       0.0064
summary_stats/Qced/saige2_case1.sumstats.gz                        summary_stats/Qced/MentalHealth/asd.sumstats.gz  0.4031 0.0611  6.5921 4.3361e-11  0.1931     0.0160  1.0085     0.0096   -0.0039       0.0061
summary_stats/Qced/saige2_case1.sumstats.gz                        summary_stats/Qced/MentalHealth/bip.sumstats.gz  0.5097 0.0446 11.4194 3.3438e-30  0.0699     0.0030  1.0315     0.0118    0.0194       0.0068
summary_stats/Qced/saige2_case1.sumstats.gz                         summary_stats/Qced/MentalHealth/ed.sumstats.gz  0.1657 0.0974  1.7014 8.8863e-02  0.0467     0.0078  1.0102     0.0082    0.0028       0.0058
summary_stats/Qced/saige2_case1.sumstats.gz                   summary_stats/Qced/MentalHealth/insomnia.sumstats.gz  0.3833 0.0463  8.2809 1.2221e-16  0.0462     0.0020  1.0097     0.0086    0.0388       0.0056
summary_stats/Qced/saige2_case1.sumstats.gz                        summary_stats/Qced/MentalHealth/ocd.sumstats.gz  0.2834 0.0931  3.0440 2.3344e-03  0.3401     0.0495  0.9886     0.0074   -0.0037       0.0059
summary_stats/Qced/saige2_case1.sumstats.gz                      summary_stats/Qced/MentalHealth/panic.sumstats.gz  0.2434 0.1184  2.0562 3.9767e-02  0.2820     0.0598  1.0013     0.0088    0.0047       0.0064
summary_stats/Qced/saige2_case1.sumstats.gz                       summary_stats/Qced/MentalHealth/ptsd.sumstats.gz  0.4287 0.1592  2.6929 7.0827e-03  0.0037     0.0016  0.9931     0.0065   -0.0029       0.0043
summary_stats/Qced/saige2_case1.sumstats.gz                        summary_stats/Qced/MentalHealth/scz.sumstats.gz  0.3207 0.0359  8.9291 4.2967e-19  0.3687     0.0122  1.0621     0.0131    0.0210       0.0065
summary_stats/Qced/saige2_case1.sumstats.gz            summary_stats/Qced/MentalHealth/suicide_attempt.sumstats.gz  0.6468 0.0587 11.0150 3.2371e-28  0.0195     0.0015  1.0474     0.0104    0.0277       0.0069
summary_stats/Qced/saige2_case1.sumstats.gz                    summary_stats/Qced/MentalHealth/suicide.sumstats.gz  0.2920 0.0919  3.1792 1.4768e-03  0.3653     0.0596  1.1247     0.0088    0.0087       0.0059
summary_stats/Qced/saige2_case1.sumstats.gz                        summary_stats/Qced/MentalHealth/swb.sumstats.gz -0.5198 0.0631 -8.2379 1.7528e-16  0.0329     0.0028  0.9989     0.0079   -0.0216       0.0059
summary_stats/Qced/saige2_case1.sumstats.gz                  summary_stats/Qced/Cognitive/intelligence.sumstats.gz -0.0839 0.0344 -2.4363 1.4840e-02  0.1910     0.0066  1.0456     0.0128    0.0019       0.0059
summary_stats/Qced/saige2_case1.sumstats.gz                     summary_stats/Qced/Cognitive/executive.sumstats.gz -0.0448 0.0736 -0.6089 5.4256e-01  0.0138     0.0014  1.0068     0.0073   -0.0020       0.0051
summary_stats/Qced/saige2_case1.sumstats.gz                       summary_stats/Qced/Substance/canabis.sumstats.gz  0.3499 0.0623  5.6147 1.9694e-08  0.0183     0.0017  0.9901     0.0071    0.0048       0.0050
summary_stats/Qced/saige2_case1.sumstats.gz                    summary_stats/Qced/Substance/cigarettes.sumstats.gz  0.1987 0.0461  4.3096 1.6356e-05  0.0750     0.0101  0.9486     0.0169    0.0098       0.0053
summary_stats/Qced/saige2_case1.sumstats.gz                        summary_stats/Qced/Substance/drinks.sumstats.gz  0.0732 0.0345  2.1240 3.3674e-02  0.0491     0.0023  0.9183     0.0096   -0.0402       0.0049
summary_stats/Qced/saige2_case1.sumstats.gz                       summary_stats/Qced/Substance/smoking.sumstats.gz  0.3355 0.0342  9.8229 8.9732e-23  0.0693     0.0025  0.8821     0.0101    0.0126       0.0056
summary_stats/Qced/saige2_case1.sumstats.gz                 summary_stats/Qced/Substance/substance_use.sumstats.gz  0.2522 0.0356  7.0812 1.4292e-12  0.1406     0.0060  0.9511     0.0096   -0.0046       0.0052
summary_stats/Qced/saige2_case1.sumstats.gz                 summary_stats/Qced/Socioeconomic/education.sumstats.gz -0.1046 0.0282 -3.7143 2.0375e-04  0.1363     0.0035  0.9682     0.0186    0.0164       0.0065
summary_stats/Qced/saige2_case1.sumstats.gz             summary_stats/Qced/Socioeconomic/social_depriv.sumstats.gz  0.3618 0.0753  4.8036 1.5582e-06  0.0376     0.0044  1.0108     0.0065    0.0258       0.0053
summary_stats/Qced/saige2_case1.sumstats.gz summary_stats/Qced/Socioeconomic/Childhoodmaltreatment.txt.sumstats.gz  0.4360 0.0456  9.5536 1.2529e-21  0.0713     0.0040  1.0038     0.0088    0.0469       0.0060
summary_stats/Qced/saige2_case1.sumstats.gz                  summary_stats/Qced/Socioeconomic/children.sumstats.gz  0.2558 0.0591  4.3316 1.4806e-05  0.0234     0.0017  0.9710     0.0073    0.0061       0.0050
summary_stats/Qced/saige2_case1.sumstats.gz             summary_stats/Qced/Socioeconomic/agefirstbirth.sumstats.gz -0.3545 0.0466 -7.6014 2.9292e-14  0.0557     0.0031  0.9498     0.0082   -0.0031       0.0052
summary_stats/Qced/saige2_case1.sumstats.gz                    summary_stats/Qced/Socioeconomic/income.sumstats.gz -0.2076 0.0643 -3.2269 1.2513e-03  0.0604     0.0055  1.0264     0.0077   -0.0374       0.0048
summary_stats/Qced/saige2_case1.sumstats.gz                     summary_stats/Qced/Behavior/antisocial.sumstats.gz  0.4435 0.0869  5.1037 3.3299e-07  0.0773     0.0115  1.0124     0.0070   -0.0044       0.0054
summary_stats/Qced/saige2_case1.sumstats.gz                     summary_stats/Qced/Behavior/loneliness.sumstats.gz  0.5684 0.0416 13.6785 1.3654e-42  0.0347     0.0018  1.0252     0.0078    0.1017       0.0051
summary_stats/Qced/saige2_case1.sumstats.gz               summary_stats/Qced/Behavior/social_isolation.sumstats.gz  0.4998 0.0397 12.5904 2.3848e-36  0.0419     0.0021  0.9840     0.0080    0.0912       0.0051
summary_stats/Qced/saige2_case1.sumstats.gz                           summary_stats/Qced/Behavior/risk.sumstats.gz  0.2101 0.0410  5.1266 2.9506e-07  0.0519     0.0023  1.0025     0.0095    0.0190       0.0057
summary_stats/Qced/saige2_case1.sumstats.gz                  summary_stats/Qced/Behavior/externalizing.sumstats.gz  0.3683 0.0380  9.6805 3.6482e-22  0.0627     0.0024  0.9777     0.0200    0.0393       0.0087
summary_stats/Qced/saige2_case1.sumstats.gz                summary_stats/Qced/Personality/agreableness.sumstats.gz -0.5833 0.9193 -0.6344 5.2579e-01  0.0130     0.0288  1.0050     0.0088    0.0049       0.0057
summary_stats/Qced/saige2_case1.sumstats.gz           summary_stats/Qced/Personality/conscientiousness.sumstats.gz -0.3871 0.1779 -2.1761 2.9544e-02  0.0748     0.0326  0.9987     0.0084    0.0046       0.0063
summary_stats/Qced/saige2_case1.sumstats.gz                summary_stats/Qced/Personality/extraversion.sumstats.gz  0.0816 0.0904  0.9028 3.6662e-01  0.0509     0.0083  0.9996     0.0070   -0.0013       0.0054
summary_stats/Qced/saige2_case1.sumstats.gz                 summary_stats/Qced/Personality/neuroticism.sumstats.gz  0.5729 0.0347 16.5175 2.7442e-61  0.1050     0.0036  1.0163     0.0114    0.1162       0.0057
summary_stats/Qced/saige2_case1.sumstats.gz                  summary_stats/Qced/Personality/openneness.sumstats.gz  0.1779 0.1108  1.6055 1.0838e-01  0.1198     0.0284  0.9883     0.0081   -0.0017       0.0060
summary_stats/Qced/saige2_case1.sumstats.gz             summary_stats/Qced/Personality/sensitivity_env.sumstats.gz  0.4457 0.0398 11.1999 4.0825e-29  0.0828     0.0031  1.0222     0.0098    0.0831       0.0056
summary_stats/Qced/saige2_case1.sumstats.gz             summary_stats/Qced/Anthropometric/birth_weight.sumstats.gz -0.0288 0.0417 -0.6908 4.8967e-01  0.1035     0.0070  1.0358     0.0093   -0.0004       0.0048
summary_stats/Qced/saige2_case1.sumstats.gz                      summary_stats/Qced/Anthropometric/BMI.sumstats.gz  0.1637 0.0297  5.5138 3.5126e-08  0.2106     0.0064  1.0213     0.0266    0.0130       0.0080
summary_stats/Qced/saige2_case1.sumstats.gz                   summary_stats/Qced/Anthropometric/height.sumstats.gz -0.0198 0.0289 -0.6852 4.9324e-01  0.5043     0.0238  1.5294     0.1115    0.0035       0.0117
summary_stats/Qced/saige2_case1.sumstats.gz                summary_stats/Qced/PhysicalHealth/arthritis.sumstats.gz  0.0498 0.0489  1.0181 3.0864e-01  0.1310     0.0202  1.0659     0.0180   -0.0082       0.0057
summary_stats/Qced/saige2_case1.sumstats.gz                      summary_stats/Qced/PhysicalHealth/chd.sumstats.gz  0.2519 0.0761  3.3101 9.3261e-04  0.0734     0.0102  1.0244     0.0101   -0.0119       0.0060
summary_stats/Qced/saige2_case1.sumstats.gz                 summary_stats/Qced/PhysicalHealth/diabetes.sumstats.gz  0.1950 0.0368  5.3023 1.1435e-07  0.1744     0.0083  0.9917     0.0221   -0.0047       0.0059
summary_stats/Qced/saige2_case1.sumstats.gz                summary_stats/Qced/PhysicalHealth/metabolic.sumstats.gz  0.2139 0.0340  6.2928 3.1185e-10  0.1356     0.0049  0.9658     0.0156    0.0086       0.0069

Analysis finished at Wed Aug  2 11:05:56 2023
Total time elapsed: 4.0m:40.89999999999998s
